<?xml version="1.0" encoding="utf-8"?>
<test-run id="2" testcasecount="1" result="Failed(Child)" total="1" passed="0" failed="1" inconclusive="0" skipped="0" asserts="0" engine-version="3.5.0.0" clr-version="4.0.30319.42000" start-time="2026-09-22 11:46:59Z" end-time="2026-09-22 11:47:03Z" duration="3.6589534">
  <test-suite type="TestSuite" id="1009" name="NihongoLife" fullname="NihongoLife" runstate="Runnable" testcasecount="1" result="Failed" site="Child" start-time="2026-09-22 11:46:59Z" end-time="2026-09-22 11:47:03Z" duration="3.658953" total="1" passed="0" failed="1" inconclusive="0" skipped="0" asserts="0">
    <properties>
      <property name="platform" value="PlayMode" />
    </properties>
    <failure>
      <message><![CDATA[One or more child tests had errors]]></message>
    </failure>
    <test-suite type="Assembly" id="1003" name="NihongoLife.Tests.PlayMode.dll" fullname="D:/VTC_Academy/NihongoLife/NihongoLife/NihongoLife/Library/ScriptAssemblies/NihongoLife.Tests.PlayMode.dll" runstate="Runnable" testcasecount="1" result="Failed" site="Child" start-time="2026-09-22 11:46:59Z" end-time="2026-09-22 11:47:03Z" duration="3.648281" total="1" passed="0" failed="1" inconclusive="0" skipped="0" asserts="0">
      <properties>
        <property name="_PID" value="21856" />
        <property name="_APPDOMAIN" value="Unity Child Domain" />
        <property name="platform" value="PlayMode" />
        <property name="EditorOnly" value="False" />
      </properties>
      <failure>
        <message><![CDATA[One or more child tests had errors]]></message>
      </failure>
      <test-suite type="TestSuite" id="1004" name="NihongoLife" fullname="NihongoLife" runstate="Runnable" testcasecount="1" result="Failed" site="Child" start-time="2026-09-22 11:46:59Z" end-time="2026-09-22 11:47:03Z" duration="3.647766" total="1" passed="0" failed="1" inconclusive="0" skipped="0" asserts="0">
        <properties />
        <failure>
          <message><![CDATA[One or more child tests had errors]]></message>
        </failure>
        <test-suite type="TestSuite" id="1005" name="Tests" fullname="NihongoLife.Tests" runstate="Runnable" testcasecount="1" result="Failed" site="Child" start-time="2026-09-22 11:46:59Z" end-time="2026-09-22 11:47:03Z" duration="3.647489" total="1" passed="0" failed="1" inconclusive="0" skipped="0" asserts="0">
          <properties />
          <failure>
            <message><![CDATA[One or more child tests had errors]]></message>
          </failure>
          <test-suite type="TestFixture" id="1001" name="ScenarioPlayModeTests" fullname="NihongoLife.Tests.ScenarioPlayModeTests" classname="NihongoLife.Tests.ScenarioPlayModeTests" runstate="Runnable" testcasecount="1" result="Failed" site="Child" start-time="2026-09-22 11:46:59Z" end-time="2026-09-22 11:47:03Z" duration="3.646177" total="1" passed="0" failed="1" inconclusive="0" skipped="0" asserts="0">
            <properties />
            <failure>
              <message><![CDATA[One or more child tests had errors]]></message>
            </failure>
            <test-case id="1002" name="Scenario_PlayModeSmokeTest" fullname="NihongoLife.Tests.ScenarioPlayModeTests.Scenario_PlayModeSmokeTest" methodname="Scenario_PlayModeSmokeTest" classname="NihongoLife.Tests.ScenarioPlayModeTests" runstate="Runnable" seed="2107487677" result="Failed" start-time="2026-09-22 11:46:59Z" end-time="2026-09-22 11:47:03Z" duration="3.624788" asserts="0">
              <properties>
                <property name="_JOINTYPE" value="UnityCombinatorial" />
                <property name="retryIteration" value="0" />
                <property name="repeatIteration" value="0" />
              </properties>
              <failure>
                <message><![CDATA[Unhandled log message: '[Error] Unable to parse file Assets/NihongoLife/Scenes/90_TestSandbox.unity: [Parser Failure at line 128694: Expected closing '}']
'. Use UnityEngine.TestTools.LogAssert.Expect]]></message>
                <stack-trace><![CDATA[
]]></stack-trace>
              </failure>
              <output><![CDATA[[AppRoot] Initializing core services...
[SceneFlowController] Initialized.
[AudioService] Initialized AudioSources.
[GameServices] Service GameInputService is already registered. Overwriting.
[GameServices] Service PlayerSessionService is already registered. Overwriting.
[SupabaseClient] Configured for https://kcxhynckzlkrkomnmucp.supabase.co
[SupabaseAuth] Initialized.
[AppRoot] Supabase Auth service registered.
[AppRoot] Using SupabaseProgressRepository (cloud save).
[LocalProgressRepository] Initialized. Save path: C:/Users/Admin/AppData/LocalLow/DefaultCompany/NihongoLife\progress.json
[SupabaseProgressRepo] Initialized with local fallback.
[LocalScenarioRepository] Loaded 14 scenarios from Resources/Scenarios.
[AppRoot] Using SupabaseOnlineWorldService (real online).
[SupabaseOnlineWorld] Initialized.
[CoopSessionService] Initialized.
[AppRoot] Core services initialized successfully.
[SupabaseRealtime] Connecting to wss://kcxhynckzlkrkomnmucp.supabase.co/realtime/v1/websocket?apikey=eyJhbGciOiJIUzI1NiIsInR5cCI6IkpXVCJ9.eyJpc3MiOiJzdXBhYmFzZSIsInJlZiI6ImtjeGh5bmNremxrcmtvbW5tdWNwIiwicm9sZSI6ImFub24iLCJpYXQiOjE3ODk1NjcwNDcsImV4cCI6MjEwNTE0MzA0N30.U9VElgrSn8quiDArQGoZXmDUDcDV2iFBKNvSnQoWSgE&vsn=1.0.0
[SupabaseOnlineWorld] Local player connected: Guest (ad0ed602544428b9b09a4ab9c21abcf14785c5af)
Deleting 0 component(s) associated with broken PrefabInstance
Deleting 0 game object(s) associated with broken PrefabInstance

Deleting 0 component(s) associated with broken PrefabInstance
Deleting 0 game object(s) associated with broken PrefabInstance

Deleting 0 component(s) associated with broken PrefabInstance
Deleting 0 game object(s) associated with broken PrefabInstance

Deleting 0 component(s) associated with broken PrefabInstance
Deleting 0 game object(s) associated with broken PrefabInstance

Deleting 0 component(s) associated with broken PrefabInstance
Deleting 0 game object(s) associated with broken PrefabInstance

Deleting 0 component(s) associated with broken PrefabInstance
Deleting 0 game object(s) associated with broken PrefabInstance

Deleting 0 component(s) associated with broken PrefabInstance
Deleting 0 game object(s) associated with broken PrefabInstance

Deleting 0 component(s) associated with broken PrefabInstance
Deleting 0 game object(s) associated with broken PrefabInstance

Creating missing CanvasRenderer component for TextMeshProUGUI in Body.
Problem detected while opening the Scene file: 'Assets/NihongoLife/Scenes/90_TestSandbox.unity'.
Check the following logs for more details.
Transform child can't be loaded
Transform child can't be loaded
Transform child can't be loaded
Transform child can't be loaded
Transform child can't be loaded
Transform child can't be loaded
Transform child can't be loaded
Transform child can't be loaded
Transform child can't be loaded
Transform child can't be loaded
Transform child can't be loaded
Transform child can't be loaded
Transform child can't be loaded
Transform child can't be loaded
Transform child can't be loaded
Transform child can't be loaded
Transform child can't be loaded
Transform child can't be loaded
Transform child can't be loaded
Transform child can't be loaded
Transform child can't be loaded
Transform child can't be loaded
Transform child can't be loaded
Transform child can't be loaded
Transform child can't be loaded
Transform child can't be loaded
Transform child can't be loaded
Transform child can't be loaded
Transform child can't be loaded
Transform child can't be loaded
Transform child can't be loaded
Transform child can't be loaded
Transform child can't be loaded
Transform child can't be loaded
Transform child can't be loaded
Transform child can't be loaded
Transform child can't be loaded
Transform child can't be loaded
Transform child can't be loaded
Transform child can't be loaded
Transform child can't be loaded
Transform child can't be loaded
Transform child can't be loaded
Transform child can't be loaded
Transform child can't be loaded
Transform child can't be loaded
Transform child can't be loaded
Transform child can't be loaded
Transform child can't be loaded
Transform child can't be loaded
Transform child can't be loaded
Transform child can't be loaded
Transform child can't be loaded
Transform child can't be loaded
Transform child can't be loaded
Transform child can't be loaded
Transform child can't be loaded
Transform child can't be loaded
Component (MeshFilter) has a broken GameObject reference. Fixing.
Object GameObject (named 'WarmWindow_L') has multiple entries of the same Object component. Removing it!
Found a Transform component that is not assigned to a GameObject. The dangling Component has been deleted and saving the scene will remove the component permanently.
FileID: 1514192963
Found a Transform component that is not assigned to a GameObject. The dangling Component has been deleted and saving the scene will remove the component permanently.
FileID: 1507265379
Found a Transform component that is not assigned to a GameObject. The dangling Component has been deleted and saving the scene will remove the component permanently.
FileID: 1510067357
Found a Transform component that is not assigned to a GameObject. The dangling Component has been deleted and saving the scene will remove the component permanently.
FileID: 1514999891
Found a Transform component that is not assigned to a GameObject. The dangling Component has been deleted and saving the scene will remove the component permanently.
FileID: 1518430696
Found a Transform component that is not assigned to a GameObject. The dangling Component has been deleted and saving the scene will remove the component permanently.
FileID: 1525024646
Found a Transform component that is not assigned to a GameObject. The dangling Component has been deleted and saving the scene will remove the component permanently.
FileID: 1525720762
Found a Transform component that is not assigned to a GameObject. The dangling Component has been deleted and saving the scene will remove the component permanently.
FileID: 1531542720
Found a Transform component that is not assigned to a GameObject. The dangling Component has been deleted and saving the scene will remove the component permanently.
FileID: 1535061806
Found a Transform component that is not assigned to a GameObject. The dangling Component has been deleted and saving the scene will remove the component permanently.
FileID: 1539378507
Found a Transform component that is not assigned to a GameObject. The dangling Component has been deleted and saving the scene will remove the component permanently.
FileID: 1549041626
Found a Transform component that is not assigned to a GameObject. The dangling Component has been deleted and saving the scene will remove the component permanently.
FileID: 1577465686
Found a Transform component that is not assigned to a GameObject. The dangling Component has been deleted and saving the scene will remove the component permanently.
FileID: 1579087361
Found a Transform component that is not assigned to a GameObject. The dangling Component has been deleted and saving the scene will remove the component permanently.
FileID: 1581012589
Found a Transform component that is not assigned to a GameObject. The dangling Component has been deleted and saving the scene will remove the component permanently.
FileID: 1601731552
Found a Transform component that is not assigned to a GameObject. The dangling Component has been deleted and saving the scene will remove the component permanently.
FileID: 1613568428
Found a Transform component that is not assigned to a GameObject. The dangling Component has been deleted and saving the scene will remove the component permanently.
FileID: 16220
Found a MeshRenderer component that is not assigned to a GameObject. The dangling Component has been deleted and saving the scene will remove the component permanently.
FileID: 1514192964
Found a MeshFilter component that is not assigned to a GameObject. The dangling Component has been deleted and saving the scene will remove the component permanently.
FileID: 1514192965
Found a MeshRenderer component that is not assigned to a GameObject. The dangling Component has been deleted and saving the scene will remove the component permanently.
FileID: 1560095708
Found a MeshFilter component that is not assigned to a GameObject. The dangling Component has been deleted and saving the scene will remove the component permanently.
FileID: 1560095709
Found a MeshFilter component that is not assigned to a GameObject. The dangling Component has been deleted and saving the scene will remove the component permanently.
FileID: 1607486161
Component at index 1 could not be loaded when loading game object 'LaneLine_Main_-2_A'. Removing it.
Component at index 1 could not be loaded when loading game object 'WarmWindow_L'. Removing it.
Component at index 1 could not be loaded when loading game object 'Body'. Removing it.
[ScenarioManager] Starting scenario: コンビニでおにぎりを買う (scenario.konbini.buy_onigiri)
[ScoringManager] Score tracking reset.
[ScenarioManager] Transitioning to Node: node_start (Type: GoToArea)
There are 2 audio listeners in the scene. Please ensure there is always exactly one audio listener in the scene.
[SupabaseRealtime] WebSocket connected.
[SupabaseRealtime] Joined channel: nihongolife-world
There are 2 audio listeners in the scene. Please ensure there is always exactly one audio listener in the scene.
There are 2 audio listeners in the scene. Please ensure there is always exactly one audio listener in the scene.
There are 2 audio listeners in the scene. Please ensure there is always exactly one audio listener in the scene.
There are 2 audio listeners in the scene. Please ensure there is always exactly one audio listener in the scene.
There are 2 audio listeners in the scene. Please ensure there is always exactly one audio listener in the scene.
There are 2 audio listeners in the scene. Please ensure there is always exactly one audio listener in the scene.
There are 2 audio listeners in the scene. Please ensure there is always exactly one audio listener in the scene.
There are 2 audio listeners in the scene. Please ensure there is always exactly one audio listener in the scene.
There are 2 audio listeners in the scene. Please ensure there is always exactly one audio listener in the scene.
There are 2 audio listeners in the scene. Please ensure there is always exactly one audio listener in the scene.
There are 2 audio listeners in the scene. Please ensure there is always exactly one audio listener in the scene.
There are 2 audio listeners in the scene. Please ensure there is always exactly one audio listener in the scene.
There are 2 audio listeners in the scene. Please ensure there is always exactly one audio listener in the scene.
There are 2 audio listeners in the scene. Please ensure there is always exactly one audio listener in the scene.
There are 2 audio listeners in the scene. Please ensure there is always exactly one audio listener in the scene.
There are 2 audio listeners in the scene. Please ensure there is always exactly one audio listener in the scene.
There are 2 audio listeners in the scene. Please ensure there is always exactly one audio listener in the scene.
There are 2 audio listeners in the scene. Please ensure there is always exactly one audio listener in the scene.
There are 2 audio listeners in the scene. Please ensure there is always exactly one audio listener in the scene.
There are 2 audio listeners in the scene. Please ensure there is always exactly one audio listener in the scene.
There are 2 audio listeners in the scene. Please ensure there is always exactly one audio listener in the scene.
There are 2 audio listeners in the scene. Please ensure there is always exactly one audio listener in the scene.
There are 2 audio listeners in the scene. Please ensure there is always exactly one audio listener in the scene.
There are 2 audio listeners in the scene. Please ensure there is always exactly one audio listener in the scene.
There are 2 audio listeners in the scene. Please ensure there is always exactly one audio listener in the scene.
There are 2 audio listeners in the scene. Please ensure there is always exactly one audio listener in the scene.
There are 2 audio listeners in the scene. Please ensure there is always exactly one audio listener in the scene.
There are 2 audio listeners in the scene. Please ensure there is always exactly one audio listener in the scene.
There are 2 audio listeners in the scene. Please ensure there is always exactly one audio listener in the scene.
There are 2 audio listeners in the scene. Please ensure there is always exactly one audio listener in the scene.
There are 2 audio listeners in the scene. Please ensure there is always exactly one audio listener in the scene.
There are 2 audio listeners in the scene. Please ensure there is always exactly one audio listener in the scene.
There are 2 audio listeners in the scene. Please ensure there is always exactly one audio listener in the scene.
There are 2 audio listeners in the scene. Please ensure there is always exactly one audio listener in the scene.
There are 2 audio listeners in the scene. Please ensure there is always exactly one audio listener in the scene.
There are 2 audio listeners in the scene. Please ensure there is always exactly one audio listener in the scene.
There are 2 audio listeners in the scene. Please ensure there is always exactly one audio listener in the scene.
There are 2 audio listeners in the scene. Please ensure there is always exactly one audio listener in the scene.
There are 2 audio listeners in the scene. Please ensure there is always exactly one audio listener in the scene.
There are 2 audio listeners in the scene. Please ensure there is always exactly one audio listener in the scene.
There are 2 audio listeners in the scene. Please ensure there is always exactly one audio listener in the scene.
There are 2 audio listeners in the scene. Please ensure there is always exactly one audio listener in the scene.
There are 2 audio listeners in the scene. Please ensure there is always exactly one audio listener in the scene.
There are 2 audio listeners in the scene. Please ensure there is always exactly one audio listener in the scene.
There are 2 audio listeners in the scene. Please ensure there is always exactly one audio listener in the scene.
There are 2 audio listeners in the scene. Please ensure there is always exactly one audio listener in the scene.
There are 2 audio listeners in the scene. Please ensure there is always exactly one audio listener in the scene.
There are 2 audio listeners in the scene. Please ensure there is always exactly one audio listener in the scene.
There are 2 audio listeners in the scene. Please ensure there is always exactly one audio listener in the scene.
There are 2 audio listeners in the scene. Please ensure there is always exactly one audio listener in the scene.
There are 2 audio listeners in the scene. Please ensure there is always exactly one audio listener in the scene.
There are 2 audio listeners in the scene. Please ensure there is always exactly one audio listener in the scene.
There are 2 audio listeners in the scene. Please ensure there is always exactly one audio listener in the scene.
There are 2 audio listeners in the scene. Please ensure there is always exactly one audio listener in the scene.
There are 2 audio listeners in the scene. Please ensure there is always exactly one audio listener in the scene.
There are 2 audio listeners in the scene. Please ensure there is always exactly one audio listener in the scene.
There are 2 audio listeners in the scene. Please ensure there is always exactly one audio listener in the scene.
There are 2 audio listeners in the scene. Please ensure there is always exactly one audio listener in the scene.
There are 2 audio listeners in the scene. Please ensure there is always exactly one audio listener in the scene.
There are 2 audio listeners in the scene. Please ensure there is always exactly one audio listener in the scene.
There are 2 audio listeners in the scene. Please ensure there is always exactly one audio listener in the scene.
There are 2 audio listeners in the scene. Please ensure there is always exactly one audio listener in the scene.
There are 2 audio listeners in the scene. Please ensure there is always exactly one audio listener in the scene.
There are 2 audio listeners in the scene. Please ensure there is always exactly one audio listener in the scene.
There are 2 audio listeners in the scene. Please ensure there is always exactly one audio listener in the scene.
There are 2 audio listeners in the scene. Please ensure there is always exactly one audio listener in the scene.
There are 2 audio listeners in the scene. Please ensure there is always exactly one audio listener in the scene.
There are 2 audio listeners in the scene. Please ensure there is always exactly one audio listener in the scene.
There are 2 audio listeners in the scene. Please ensure there is always exactly one audio listener in the scene.
There are 2 audio listeners in the scene. Please ensure there is always exactly one audio listener in the scene.
There are 2 audio listeners in the scene. Please ensure there is always exactly one audio listener in the scene.
There are 2 audio listeners in the scene. Please ensure there is always exactly one audio listener in the scene.
There are 2 audio listeners in the scene. Please ensure there is always exactly one audio listener in the scene.
There are 2 audio listeners in the scene. Please ensure there is always exactly one audio listener in the scene.
There are 2 audio listeners in the scene. Please ensure there is always exactly one audio listener in the scene.
There are 2 audio listeners in the scene. Please ensure there is always exactly one audio listener in the scene.
There are 2 audio listeners in the scene. Please ensure there is always exactly one audio listener in the scene.
There are 2 audio listeners in the scene. Please ensure there is always exactly one audio listener in the scene.
There are 2 audio listeners in the scene. Please ensure there is always exactly one audio listener in the scene.
There are 2 audio listeners in the scene. Please ensure there is always exactly one audio listener in the scene.
There are 2 audio listeners in the scene. Please ensure there is always exactly one audio listener in the scene.
There are 2 audio listeners in the scene. Please ensure there is always exactly one audio listener in the scene.
There are 2 audio listeners in the scene. Please ensure there is always exactly one audio listener in the scene.
There are 2 audio listeners in the scene. Please ensure there is always exactly one audio listener in the scene.
There are 2 audio listeners in the scene. Please ensure there is always exactly one audio listener in the scene.
There are 2 audio listeners in the scene. Please ensure there is always exactly one audio listener in the scene.
There are 2 audio listeners in the scene. Please ensure there is always exactly one audio listener in the scene.
There are 2 audio listeners in the scene. Please ensure there is always exactly one audio listener in the scene.
There are 2 audio listeners in the scene. Please ensure there is always exactly one audio listener in the scene.
There are 2 audio listeners in the scene. Please ensure there is always exactly one audio listener in the scene.
There are 2 audio listeners in the scene. Please ensure there is always exactly one audio listener in the scene.
There are 2 audio listeners in the scene. Please ensure there is always exactly one audio listener in the scene.
There are 2 audio listeners in the scene. Please ensure there is always exactly one audio listener in the scene.
There are 2 audio listeners in the scene. Please ensure there is always exactly one audio listener in the scene.
There are 2 audio listeners in the scene. Please ensure there is always exactly one audio listener in the scene.
There are 2 audio listeners in the scene. Please ensure there is always exactly one audio listener in the scene.
There are 2 audio listeners in the scene. Please ensure there is always exactly one audio listener in the scene.
There are 2 audio listeners in the scene. Please ensure there is always exactly one audio listener in the scene.
There are 2 audio listeners in the scene. Please ensure there is always exactly one audio listener in the scene.
There are 2 audio listeners in the scene. Please ensure there is always exactly one audio listener in the scene.
There are 2 audio listeners in the scene. Please ensure there is always exactly one audio listener in the scene.
There are 2 audio listeners in the scene. Please ensure there is always exactly one audio listener in the scene.
There are 2 audio listeners in the scene. Please ensure there is always exactly one audio listener in the scene.
There are 2 audio listeners in the scene. Please ensure there is always exactly one audio listener in the scene.
There are 2 audio listeners in the scene. Please ensure there is always exactly one audio listener in the scene.
There are 2 audio listeners in the scene. Please ensure there is always exactly one audio listener in the scene.
There are 2 audio listeners in the scene. Please ensure there is always exactly one audio listener in the scene.
There are 2 audio listeners in the scene. Please ensure there is always exactly one audio listener in the scene.
There are 2 audio listeners in the scene. Please ensure there is always exactly one audio listener in the scene.
There are 2 audio listeners in the scene. Please ensure there is always exactly one audio listener in the scene.
There are 2 audio listeners in the scene. Please ensure there is always exactly one audio listener in the scene.
There are 2 audio listeners in the scene. Please ensure there is always exactly one audio listener in the scene.
There are 2 audio listeners in the scene. Please ensure there is always exactly one audio listener in the scene.
There are 2 audio listeners in the scene. Please ensure there is always exactly one audio listener in the scene.
There are 2 audio listeners in the scene. Please ensure there is always exactly one audio listener in the scene.
There are 2 audio listeners in the scene. Please ensure there is always exactly one audio listener in the scene.
There are 2 audio listeners in the scene. Please ensure there is always exactly one audio listener in the scene.
There are 2 audio listeners in the scene. Please ensure there is always exactly one audio listener in the scene.
There are 2 audio listeners in the scene. Please ensure there is always exactly one audio listener in the scene.
There are 2 audio listeners in the scene. Please ensure there is always exactly one audio listener in the scene.
There are 2 audio listeners in the scene. Please ensure there is always exactly one audio listener in the scene.
There are 2 audio listeners in the scene. Please ensure there is always exactly one audio listener in the scene.
There are 2 audio listeners in the scene. Please ensure there is always exactly one audio listener in the scene.
There are 2 audio listeners in the scene. Please ensure there is always exactly one audio listener in the scene.
There are 2 audio listeners in the scene. Please ensure there is always exactly one audio listener in the scene.
There are 2 audio listeners in the scene. Please ensure there is always exactly one audio listener in the scene.
There are 2 audio listeners in the scene. Please ensure there is always exactly one audio listener in the scene.
There are 2 audio listeners in the scene. Please ensure there is always exactly one audio listener in the scene.
There are 2 audio listeners in the scene. Please ensure there is always exactly one audio listener in the scene.
There are 2 audio listeners in the scene. Please ensure there is always exactly one audio listener in the scene.
There are 2 audio listeners in the scene. Please ensure there is always exactly one audio listener in the scene.
There are 2 audio listeners in the scene. Please ensure there is always exactly one audio listener in the scene.
There are 2 audio listeners in the scene. Please ensure there is always exactly one audio listener in the scene.
There are 2 audio listeners in the scene. Please ensure there is always exactly one audio listener in the scene.
There are 2 audio listeners in the scene. Please ensure there is always exactly one audio listener in the scene.
There are 2 audio listeners in the scene. Please ensure there is always exactly one audio listener in the scene.
There are 2 audio listeners in the scene. Please ensure there is always exactly one audio listener in the scene.
There are 2 audio listeners in the scene. Please ensure there is always exactly one audio listener in the scene.
There are 2 audio listeners in the scene. Please ensure there is always exactly one audio listener in the scene.
There are 2 audio listeners in the scene. Please ensure there is always exactly one audio listener in the scene.
There are 2 audio listeners in the scene. Please ensure there is always exactly one audio listener in the scene.
There are 2 audio listeners in the scene. Please ensure there is always exactly one audio listener in the scene.
There are 2 audio listeners in the scene. Please ensure there is always exactly one audio listener in the scene.
There are 2 audio listeners in the scene. Please ensure there is always exactly one audio listener in the scene.
There are 2 audio listeners in the scene. Please ensure there is always exactly one audio listener in the scene.
There are 2 audio listeners in the scene. Please ensure there is always exactly one audio listener in the scene.
There are 2 audio listeners in the scene. Please ensure there is always exactly one audio listener in the scene.
There are 2 audio listeners in the scene. Please ensure there is always exactly one audio listener in the scene.
There are 2 audio listeners in the scene. Please ensure there is always exactly one audio listener in the scene.
There are 2 audio listeners in the scene. Please ensure there is always exactly one audio listener in the scene.
There are 2 audio listeners in the scene. Please ensure there is always exactly one audio listener in the scene.
There are 2 audio listeners in the scene. Please ensure there is always exactly one audio listener in the scene.
There are 2 audio listeners in the scene. Please ensure there is always exactly one audio listener in the scene.
There are 2 audio listeners in the scene. Please ensure there is always exactly one audio listener in the scene.
There are 2 audio listeners in the scene. Please ensure there is always exactly one audio listener in the scene.
There are 2 audio listeners in the scene. Please ensure there is always exactly one audio listener in the scene.
There are 2 audio listeners in the scene. Please ensure there is always exactly one audio listener in the scene.
There are 2 audio listeners in the scene. Please ensure there is always exactly one audio listener in the scene.
There are 2 audio listeners in the scene. Please ensure there is always exactly one audio listener in the scene.
There are 2 audio listeners in the scene. Please ensure there is always exactly one audio listener in the scene.
There are 2 audio listeners in the scene. Please ensure there is always exactly one audio listener in the scene.
There are 2 audio listeners in the scene. Please ensure there is always exactly one audio listener in the scene.
There are 2 audio listeners in the scene. Please ensure there is always exactly one audio listener in the scene.
There are 2 audio listeners in the scene. Please ensure there is always exactly one audio listener in the scene.
There are 2 audio listeners in the scene. Please ensure there is always exactly one audio listener in the scene.
There are 2 audio listeners in the scene. Please ensure there is always exactly one audio listener in the scene.
There are 2 audio listeners in the scene. Please ensure there is always exactly one audio listener in the scene.
There are 2 audio listeners in the scene. Please ensure there is always exactly one audio listener in the scene.
There are 2 audio listeners in the scene. Please ensure there is always exactly one audio listener in the scene.
There are 2 audio listeners in the scene. Please ensure there is always exactly one audio listener in the scene.
There are 2 audio listeners in the scene. Please ensure there is always exactly one audio listener in the scene.
There are 2 audio listeners in the scene. Please ensure there is always exactly one audio listener in the scene.
There are 2 audio listeners in the scene. Please ensure there is always exactly one audio listener in the scene.
There are 2 audio listeners in the scene. Please ensure there is always exactly one audio listener in the scene.
There are 2 audio listeners in the scene. Please ensure there is always exactly one audio listener in the scene.
There are 2 audio listeners in the scene. Please ensure there is always exactly one audio listener in the scene.
There are 2 audio listeners in the scene. Please ensure there is always exactly one audio listener in the scene.
There are 2 audio listeners in the scene. Please ensure there is always exactly one audio listener in the scene.
There are 2 audio listeners in the scene. Please ensure there is always exactly one audio listener in the scene.
There are 2 audio listeners in the scene. Please ensure there is always exactly one audio listener in the scene.
There are 2 audio listeners in the scene. Please ensure there is always exactly one audio listener in the scene.
There are 2 audio listeners in the scene. Please ensure there is always exactly one audio listener in the scene.
There are 2 audio listeners in the scene. Please ensure there is always exactly one audio listener in the scene.
There are 2 audio listeners in the scene. Please ensure there is always exactly one audio listener in the scene.
There are 2 audio listeners in the scene. Please ensure there is always exactly one audio listener in the scene.
There are 2 audio listeners in the scene. Please ensure there is always exactly one audio listener in the scene.
There are 2 audio listeners in the scene. Please ensure there is always exactly one audio listener in the scene.
There are 2 audio listeners in the scene. Please ensure there is always exactly one audio listener in the scene.
There are 2 audio listeners in the scene. Please ensure there is always exactly one audio listener in the scene.
There are 2 audio listeners in the scene. Please ensure there is always exactly one audio listener in the scene.
There are 2 audio listeners in the scene. Please ensure there is always exactly one audio listener in the scene.
There are 2 audio listeners in the scene. Please ensure there is always exactly one audio listener in the scene.
There are 2 audio listeners in the scene. Please ensure there is always exactly one audio listener in the scene.
There are 2 audio listeners in the scene. Please ensure there is always exactly one audio listener in the scene.
There are 2 audio listeners in the scene. Please ensure there is always exactly one audio listener in the scene.
There are 2 audio listeners in the scene. Please ensure there is always exactly one audio listener in the scene.
There are 2 audio listeners in the scene. Please ensure there is always exactly one audio listener in the scene.
There are 2 audio listeners in the scene. Please ensure there is always exactly one audio listener in the scene.
There are 2 audio listeners in the scene. Please ensure there is always exactly one audio listener in the scene.
There are 2 audio listeners in the scene. Please ensure there is always exactly one audio listener in the scene.
There are 2 audio listeners in the scene. Please ensure there is always exactly one audio listener in the scene.
There are 2 audio listeners in the scene. Please ensure there is always exactly one audio listener in the scene.
There are 2 audio listeners in the scene. Please ensure there is always exactly one audio listener in the scene.
There are 2 audio listeners in the scene. Please ensure there is always exactly one audio listener in the scene.
There are 2 audio listeners in the scene. Please ensure there is always exactly one audio listener in the scene.
There are 2 audio listeners in the scene. Please ensure there is always exactly one audio listener in the scene.
There are 2 audio listeners in the scene. Please ensure there is always exactly one audio listener in the scene.
There are 2 audio listeners in the scene. Please ensure there is always exactly one audio listener in the scene.
There are 2 audio listeners in the scene. Please ensure there is always exactly one audio listener in the scene.
There are 2 audio listeners in the scene. Please ensure there is always exactly one audio listener in the scene.
There are 2 audio listeners in the scene. Please ensure there is always exactly one audio listener in the scene.
There are 2 audio listeners in the scene. Please ensure there is always exactly one audio listener in the scene.
There are 2 audio listeners in the scene. Please ensure there is always exactly one audio listener in the scene.
There are 2 audio listeners in the scene. Please ensure there is always exactly one audio listener in the scene.
There are 2 audio listeners in the scene. Please ensure there is always exactly one audio listener in the scene.
There are 2 audio listeners in the scene. Please ensure there is always exactly one audio listener in the scene.
There are 2 audio listeners in the scene. Please ensure there is always exactly one audio listener in the scene.
There are 2 audio listeners in the scene. Please ensure there is always exactly one audio listener in the scene.
There are 2 audio listeners in the scene. Please ensure there is always exactly one audio listener in the scene.
There are 2 audio listeners in the scene. Please ensure there is always exactly one audio listener in the scene.
There are 2 audio listeners in the scene. Please ensure there is always exactly one audio listener in the scene.
There are 2 audio listeners in the scene. Please ensure there is always exactly one audio listener in the scene.
There are 2 audio listeners in the scene. Please ensure there is always exactly one audio listener in the scene.
There are 2 audio listeners in the scene. Please ensure there is always exactly one audio listener in the scene.
There are 2 audio listeners in the scene. Please ensure there is always exactly one audio listener in the scene.
There are 2 audio listeners in the scene. Please ensure there is always exactly one audio listener in the scene.
There are 2 audio listeners in the scene. Please ensure there is always exactly one audio listener in the scene.
There are 2 audio listeners in the scene. Please ensure there is always exactly one audio listener in the scene.
There are 2 audio listeners in the scene. Please ensure there is always exactly one audio listener in the scene.
There are 2 audio listeners in the scene. Please ensure there is always exactly one audio listener in the scene.
There are 2 audio listeners in the scene. Please ensure there is always exactly one audio listener in the scene.
There are 2 audio listeners in the scene. Please ensure there is always exactly one audio listener in the scene.
There are 2 audio listeners in the scene. Please ensure there is always exactly one audio listener in the scene.
There are 2 audio listeners in the scene. Please ensure there is always exactly one audio listener in the scene.
There are 2 audio listeners in the scene. Please ensure there is always exactly one audio listener in the scene.
There are 2 audio listeners in the scene. Please ensure there is always exactly one audio listener in the scene.
There are 2 audio listeners in the scene. Please ensure there is always exactly one audio listener in the scene.
There are 2 audio listeners in the scene. Please ensure there is always exactly one audio listener in the scene.
There are 2 audio listeners in the scene. Please ensure there is always exactly one audio listener in the scene.
There are 2 audio listeners in the scene. Please ensure there is always exactly one audio listener in the scene.
There are 2 audio listeners in the scene. Please ensure there is always exactly one audio listener in the scene.
There are 2 audio listeners in the scene. Please ensure there is always exactly one audio listener in the scene.
There are 2 audio listeners in the scene. Please ensure there is always exactly one audio listener in the scene.
There are 2 audio listeners in the scene. Please ensure there is always exactly one audio listener in the scene.
There are 2 audio listeners in the scene. Please ensure there is always exactly one audio listener in the scene.
There are 2 audio listeners in the scene. Please ensure there is always exactly one audio listener in the scene.
There are 2 audio listeners in the scene. Please ensure there is always exactly one audio listener in the scene.
There are 2 audio listeners in the scene. Please ensure there is always exactly one audio listener in the scene.
There are 2 audio listeners in the scene. Please ensure there is always exactly one audio listener in the scene.
There are 2 audio listeners in the scene. Please ensure there is always exactly one audio listener in the scene.
There are 2 audio listeners in the scene. Please ensure there is always exactly one audio listener in the scene.
There are 2 audio listeners in the scene. Please ensure there is always exactly one audio listener in the scene.
There are 2 audio listeners in the scene. Please ensure there is always exactly one audio listener in the scene.
There are 2 audio listeners in the scene. Please ensure there is always exactly one audio listener in the scene.
There are 2 audio listeners in the scene. Please ensure there is always exactly one audio listener in the scene.
There are 2 audio listeners in the scene. Please ensure there is always exactly one audio listener in the scene.
There are 2 audio listeners in the scene. Please ensure there is always exactly one audio listener in the scene.
There are 2 audio listeners in the scene. Please ensure there is always exactly one audio listener in the scene.
There are 2 audio listeners in the scene. Please ensure there is always exactly one audio listener in the scene.
There are 2 audio listeners in the scene. Please ensure there is always exactly one audio listener in the scene.
There are 2 audio listeners in the scene. Please ensure there is always exactly one audio listener in the scene.
There are 2 audio listeners in the scene. Please ensure there is always exactly one audio listener in the scene.
There are 2 audio listeners in the scene. Please ensure there is always exactly one audio listener in the scene.
There are 2 audio listeners in the scene. Please ensure there is always exactly one audio listener in the scene.
There are 2 audio listeners in the scene. Please ensure there is always exactly one audio listener in the scene.
There are 2 audio listeners in the scene. Please ensure there is always exactly one audio listener in the scene.
There are 2 audio listeners in the scene. Please ensure there is always exactly one audio listener in the scene.
There are 2 audio listeners in the scene. Please ensure there is always exactly one audio listener in the scene.
There are 2 audio listeners in the scene. Please ensure there is always exactly one audio listener in the scene.
There are 2 audio listeners in the scene. Please ensure there is always exactly one audio listener in the scene.
There are 2 audio listeners in the scene. Please ensure there is always exactly one audio listener in the scene.
There are 2 audio listeners in the scene. Please ensure there is always exactly one audio listener in the scene.
There are 2 audio listeners in the scene. Please ensure there is always exactly one audio listener in the scene.
There are 2 audio listeners in the scene. Please ensure there is always exactly one audio listener in the scene.
There are 2 audio listeners in the scene. Please ensure there is always exactly one audio listener in the scene.
There are 2 audio listeners in the scene. Please ensure there is always exactly one audio listener in the scene.
There are 2 audio listeners in the scene. Please ensure there is always exactly one audio listener in the scene.
There are 2 audio listeners in the scene. Please ensure there is always exactly one audio listener in the scene.
There are 2 audio listeners in the scene. Please ensure there is always exactly one audio listener in the scene.
There are 2 audio listeners in the scene. Please ensure there is always exactly one audio listener in the scene.
There are 2 audio listeners in the scene. Please ensure there is always exactly one audio listener in the scene.
There are 2 audio listeners in the scene. Please ensure there is always exactly one audio listener in the scene.
There are 2 audio listeners in the scene. Please ensure there is always exactly one audio listener in the scene.
There are 2 audio listeners in the scene. Please ensure there is always exactly one audio listener in the scene.
There are 2 audio listeners in the scene. Please ensure there is always exactly one audio listener in the scene.
There are 2 audio listeners in the scene. Please ensure there is always exactly one audio listener in the scene.
There are 2 audio listeners in the scene. Please ensure there is always exactly one audio listener in the scene.
There are 2 audio listeners in the scene. Please ensure there is always exactly one audio listener in the scene.
There are 2 audio listeners in the scene. Please ensure there is always exactly one audio listener in the scene.
There are 2 audio listeners in the scene. Please ensure there is always exactly one audio listener in the scene.
There are 2 audio listeners in the scene. Please ensure there is always exactly one audio listener in the scene.
There are 2 audio listeners in the scene. Please ensure there is always exactly one audio listener in the scene.
There are 2 audio listeners in the scene. Please ensure there is always exactly one audio listener in the scene.
There are 2 audio listeners in the scene. Please ensure there is always exactly one audio listener in the scene.
There are 2 audio listeners in the scene. Please ensure there is always exactly one audio listener in the scene.
There are 2 audio listeners in the scene. Please ensure there is always exactly one audio listener in the scene.
There are 2 audio listeners in the scene. Please ensure there is always exactly one audio listener in the scene.
There are 2 audio listeners in the scene. Please ensure there is always exactly one audio listener in the scene.
There are 2 audio listeners in the scene. Please ensure there is always exactly one audio listener in the scene.
There are 2 audio listeners in the scene. Please ensure there is always exactly one audio listener in the scene.
There are 2 audio listeners in the scene. Please ensure there is always exactly one audio listener in the scene.
There are 2 audio listeners in the scene. Please ensure there is always exactly one audio listener in the scene.
There are 2 audio listeners in the scene. Please ensure there is always exactly one audio listener in the scene.
There are 2 audio listeners in the scene. Please ensure there is always exactly one audio listener in the scene.
There are 2 audio listeners in the scene. Please ensure there is always exactly one audio listener in the scene.
There are 2 audio listeners in the scene. Please ensure there is always exactly one audio listener in the scene.
There are 2 audio listeners in the scene. Please ensure there is always exactly one audio listener in the scene.
There are 2 audio listeners in the scene. Please ensure there is always exactly one audio listener in the scene.
There are 2 audio listeners in the scene. Please ensure there is always exactly one audio listener in the scene.
There are 2 audio listeners in the scene. Please ensure there is always exactly one audio listener in the scene.
There are 2 audio listeners in the scene. Please ensure there is always exactly one audio listener in the scene.
There are 2 audio listeners in the scene. Please ensure there is always exactly one audio listener in the scene.
There are 2 audio listeners in the scene. Please ensure there is always exactly one audio listener in the scene.
There are 2 audio listeners in the scene. Please ensure there is always exactly one audio listener in the scene.
There are 2 audio listeners in the scene. Please ensure there is always exactly one audio listener in the scene.
There are 2 audio listeners in the scene. Please ensure there is always exactly one audio listener in the scene.
There are 2 audio listeners in the scene. Please ensure there is always exactly one audio listener in the scene.
There are 2 audio listeners in the scene. Please ensure there is always exactly one audio listener in the scene.
There are 2 audio listeners in the scene. Please ensure there is always exactly one audio listener in the scene.
There are 2 audio listeners in the scene. Please ensure there is always exactly one audio listener in the scene.
There are 2 audio listeners in the scene. Please ensure there is always exactly one audio listener in the scene.
There are 2 audio listeners in the scene. Please ensure there is always exactly one audio listener in the scene.
There are 2 audio listeners in the scene. Please ensure there is always exactly one audio listener in the scene.
There are 2 audio listeners in the scene. Please ensure there is always exactly one audio listener in the scene.
There are 2 audio listeners in the scene. Please ensure there is always exactly one audio listener in the scene.
There are 2 audio listeners in the scene. Please ensure there is always exactly one audio listener in the scene.
There are 2 audio listeners in the scene. Please ensure there is always exactly one audio listener in the scene.
There are 2 audio listeners in the scene. Please ensure there is always exactly one audio listener in the scene.
There are 2 audio listeners in the scene. Please ensure there is always exactly one audio listener in the scene.
There are 2 audio listeners in the scene. Please ensure there is always exactly one audio listener in the scene.
There are 2 audio listeners in the scene. Please ensure there is always exactly one audio listener in the scene.
There are 2 audio listeners in the scene. Please ensure there is always exactly one audio listener in the scene.
There are 2 audio listeners in the scene. Please ensure there is always exactly one audio listener in the scene.
There are 2 audio listeners in the scene. Please ensure there is always exactly one audio listener in the scene.
There are 2 audio listeners in the scene. Please ensure there is always exactly one audio listener in the scene.
There are 2 audio listeners in the scene. Please ensure there is always exactly one audio listener in the scene.
There are 2 audio listeners in the scene. Please ensure there is always exactly one audio listener in the scene.
There are 2 audio listeners in the scene. Please ensure there is always exactly one audio listener in the scene.
There are 2 audio listeners in the scene. Please ensure there is always exactly one audio listener in the scene.
There are 2 audio listeners in the scene. Please ensure there is always exactly one audio listener in the scene.
There are 2 audio listeners in the scene. Please ensure there is always exactly one audio listener in the scene.
There are 2 audio listeners in the scene. Please ensure there is always exactly one audio listener in the scene.
There are 2 audio listeners in the scene. Please ensure there is always exactly one audio listener in the scene.
There are 2 audio listeners in the scene. Please ensure there is always exactly one audio listener in the scene.
There are 2 audio listeners in the scene. Please ensure there is always exactly one audio listener in the scene.
There are 2 audio listeners in the scene. Please ensure there is always exactly one audio listener in the scene.
There are 2 audio listeners in the scene. Please ensure there is always exactly one audio listener in the scene.
There are 2 audio listeners in the scene. Please ensure there is always exactly one audio listener in the scene.
There are 2 audio listeners in the scene. Please ensure there is always exactly one audio listener in the scene.
There are 2 audio listeners in the scene. Please ensure there is always exactly one audio listener in the scene.
There are 2 audio listeners in the scene. Please ensure there is always exactly one audio listener in the scene.
There are 2 audio listeners in the scene. Please ensure there is always exactly one audio listener in the scene.
There are 2 audio listeners in the scene. Please ensure there is always exactly one audio listener in the scene.
There are 2 audio listeners in the scene. Please ensure there is always exactly one audio listener in the scene.
There are 2 audio listeners in the scene. Please ensure there is always exactly one audio listener in the scene.
There are 2 audio listeners in the scene. Please ensure there is always exactly one audio listener in the scene.
There are 2 audio listeners in the scene. Please ensure there is always exactly one audio listener in the scene.
There are 2 audio listeners in the scene. Please ensure there is always exactly one audio listener in the scene.
There are 2 audio listeners in the scene. Please ensure there is always exactly one audio listener in the scene.
There are 2 audio listeners in the scene. Please ensure there is always exactly one audio listener in the scene.
There are 2 audio listeners in the scene. Please ensure there is always exactly one audio listener in the scene.
There are 2 audio listeners in the scene. Please ensure there is always exactly one audio listener in the scene.
There are 2 audio listeners in the scene. Please ensure there is always exactly one audio listener in the scene.
There are 2 audio listeners in the scene. Please ensure there is always exactly one audio listener in the scene.
There are 2 audio listeners in the scene. Please ensure there is always exactly one audio listener in the scene.
There are 2 audio listeners in the scene. Please ensure there is always exactly one audio listener in the scene.
There are 2 audio listeners in the scene. Please ensure there is always exactly one audio listener in the scene.
There are 2 audio listeners in the scene. Please ensure there is always exactly one audio listener in the scene.
There are 2 audio listeners in the scene. Please ensure there is always exactly one audio listener in the scene.
There are 2 audio listeners in the scene. Please ensure there is always exactly one audio listener in the scene.
There are 2 audio listeners in the scene. Please ensure there is always exactly one audio listener in the scene.
There are 2 audio listeners in the scene. Please ensure there is always exactly one audio listener in the scene.
There are 2 audio listeners in the scene. Please ensure there is always exactly one audio listener in the scene.
There are 2 audio listeners in the scene. Please ensure there is always exactly one audio listener in the scene.
There are 2 audio listeners in the scene. Please ensure there is always exactly one audio listener in the scene.
There are 2 audio listeners in the scene. Please ensure there is always exactly one audio listener in the scene.
There are 2 audio listeners in the scene. Please ensure there is always exactly one audio listener in the scene.
There are 2 audio listeners in the scene. Please ensure there is always exactly one audio listener in the scene.
There are 2 audio listeners in the scene. Please ensure there is always exactly one audio listener in the scene.
There are 2 audio listeners in the scene. Please ensure there is always exactly one audio listener in the scene.
There are 2 audio listeners in the scene. Please ensure there is always exactly one audio listener in the scene.
There are 2 audio listeners in the scene. Please ensure there is always exactly one audio listener in the scene.
There are 2 audio listeners in the scene. Please ensure there is always exactly one audio listener in the scene.
There are 2 audio listeners in the scene. Please ensure there is always exactly one audio listener in the scene.
There are 2 audio listeners in the scene. Please ensure there is always exactly one audio listener in the scene.
There are 2 audio listeners in the scene. Please ensure there is always exactly one audio listener in the scene.
There are 2 audio listeners in the scene. Please ensure there is always exactly one audio listener in the scene.
There are 2 audio listeners in the scene. Please ensure there is always exactly one audio listener in the scene.
There are 2 audio listeners in the scene. Please ensure there is always exactly one audio listener in the scene.
There are 2 audio listeners in the scene. Please ensure there is always exactly one audio listener in the scene.
There are 2 audio listeners in the scene. Please ensure there is always exactly one audio listener in the scene.
There are 2 audio listeners in the scene. Please ensure there is always exactly one audio listener in the scene.
There are 2 audio listeners in the scene. Please ensure there is always exactly one audio listener in the scene.
There are 2 audio listeners in the scene. Please ensure there is always exactly one audio listener in the scene.
There are 2 audio listeners in the scene. Please ensure there is always exactly one audio listener in the scene.
There are 2 audio listeners in the scene. Please ensure there is always exactly one audio listener in the scene.
There are 2 audio listeners in the scene. Please ensure there is always exactly one audio listener in the scene.
There are 2 audio listeners in the scene. Please ensure there is always exactly one audio listener in the scene.
There are 2 audio listeners in the scene. Please ensure there is always exactly one audio listener in the scene.
There are 2 audio listeners in the scene. Please ensure there is always exactly one audio listener in the scene.
There are 2 audio listeners in the scene. Please ensure there is always exactly one audio listener in the scene.
There are 2 audio listeners in the scene. Please ensure there is always exactly one audio listener in the scene.
There are 2 audio listeners in the scene. Please ensure there is always exactly one audio listener in the scene.
There are 2 audio listeners in the scene. Please ensure there is always exactly one audio listener in the scene.
There are 2 audio listeners in the scene. Please ensure there is always exactly one audio listener in the scene.
There are 2 audio listeners in the scene. Please ensure there is always exactly one audio listener in the scene.
There are 2 audio listeners in the scene. Please ensure there is always exactly one audio listener in the scene.
There are 2 audio listeners in the scene. Please ensure there is always exactly one audio listener in the scene.
There are 2 audio listeners in the scene. Please ensure there is always exactly one audio listener in the scene.
There are 2 audio listeners in the scene. Please ensure there is always exactly one audio listener in the scene.
There are 2 audio listeners in the scene. Please ensure there is always exactly one audio listener in the scene.
There are 2 audio listeners in the scene. Please ensure there is always exactly one audio listener in the scene.
There are 2 audio listeners in the scene. Please ensure there is always exactly one audio listener in the scene.
There are 2 audio listeners in the scene. Please ensure there is always exactly one audio listener in the scene.
There are 2 audio listeners in the scene. Please ensure there is always exactly one audio listener in the scene.
There are 2 audio listeners in the scene. Please ensure there is always exactly one audio listener in the scene.
There are 2 audio listeners in the scene. Please ensure there is always exactly one audio listener in the scene.
There are 2 audio listeners in the scene. Please ensure there is always exactly one audio listener in the scene.
There are 2 audio listeners in the scene. Please ensure there is always exactly one audio listener in the scene.
There are 2 audio listeners in the scene. Please ensure there is always exactly one audio listener in the scene.
There are 2 audio listeners in the scene. Please ensure there is always exactly one audio listener in the scene.
There are 2 audio listeners in the scene. Please ensure there is always exactly one audio listener in the scene.
There are 2 audio listeners in the scene. Please ensure there is always exactly one audio listener in the scene.
There are 2 audio listeners in the scene. Please ensure there is always exactly one audio listener in the scene.
There are 2 audio listeners in the scene. Please ensure there is always exactly one audio listener in the scene.
There are 2 audio listeners in the scene. Please ensure there is always exactly one audio listener in the scene.
There are 2 audio listeners in the scene. Please ensure there is always exactly one audio listener in the scene.
There are 2 audio listeners in the scene. Please ensure there is always exactly one audio listener in the scene.
There are 2 audio listeners in the scene. Please ensure there is always exactly one audio listener in the scene.
There are 2 audio listeners in the scene. Please ensure there is always exactly one audio listener in the scene.
There are 2 audio listeners in the scene. Please ensure there is always exactly one audio listener in the scene.
There are 2 audio listeners in the scene. Please ensure there is always exactly one audio listener in the scene.
There are 2 audio listeners in the scene. Please ensure there is always exactly one audio listener in the scene.
There are 2 audio listeners in the scene. Please ensure there is always exactly one audio listener in the scene.
There are 2 audio listeners in the scene. Please ensure there is always exactly one audio listener in the scene.
There are 2 audio listeners in the scene. Please ensure there is always exactly one audio listener in the scene.
There are 2 audio listeners in the scene. Please ensure there is always exactly one audio listener in the scene.
There are 2 audio listeners in the scene. Please ensure there is always exactly one audio listener in the scene.
There are 2 audio listeners in the scene. Please ensure there is always exactly one audio listener in the scene.
There are 2 audio listeners in the scene. Please ensure there is always exactly one audio listener in the scene.
There are 2 audio listeners in the scene. Please ensure there is always exactly one audio listener in the scene.
There are 2 audio listeners in the scene. Please ensure there is always exactly one audio listener in the scene.
There are 2 audio listeners in the scene. Please ensure there is always exactly one audio listener in the scene.
There are 2 audio listeners in the scene. Please ensure there is always exactly one audio listener in the scene.
There are 2 audio listeners in the scene. Please ensure there is always exactly one audio listener in the scene.
There are 2 audio listeners in the scene. Please ensure there is always exactly one audio listener in the scene.
There are 2 audio listeners in the scene. Please ensure there is always exactly one audio listener in the scene.
There are 2 audio listeners in the scene. Please ensure there is always exactly one audio listener in the scene.
There are 2 audio listeners in the scene. Please ensure there is always exactly one audio listener in the scene.
There are 2 audio listeners in the scene. Please ensure there is always exactly one audio listener in the scene.
There are 2 audio listeners in the scene. Please ensure there is always exactly one audio listener in the scene.
There are 2 audio listeners in the scene. Please ensure there is always exactly one audio listener in the scene.
There are 2 audio listeners in the scene. Please ensure there is always exactly one audio listener in the scene.
There are 2 audio listeners in the scene. Please ensure there is always exactly one audio listener in the scene.
There are 2 audio listeners in the scene. Please ensure there is always exactly one audio listener in the scene.
There are 2 audio listeners in the scene. Please ensure there is always exactly one audio listener in the scene.
There are 2 audio listeners in the scene. Please ensure there is always exactly one audio listener in the scene.
There are 2 audio listeners in the scene. Please ensure there is always exactly one audio listener in the scene.
There are 2 audio listeners in the scene. Please ensure there is always exactly one audio listener in the scene.
There are 2 audio listeners in the scene. Please ensure there is always exactly one audio listener in the scene.
There are 2 audio listeners in the scene. Please ensure there is always exactly one audio listener in the scene.
There are 2 audio listeners in the scene. Please ensure there is always exactly one audio listener in the scene.
There are 2 audio listeners in the scene. Please ensure there is always exactly one audio listener in the scene.
There are 2 audio listeners in the scene. Please ensure there is always exactly one audio listener in the scene.
There are 2 audio listeners in the scene. Please ensure there is always exactly one audio listener in the scene.
There are 2 audio listeners in the scene. Please ensure there is always exactly one audio listener in the scene.
There are 2 audio listeners in the scene. Please ensure there is always exactly one audio listener in the scene.
There are 2 audio listeners in the scene. Please ensure there is always exactly one audio listener in the scene.
There are 2 audio listeners in the scene. Please ensure there is always exactly one audio listener in the scene.
There are 2 audio listeners in the scene. Please ensure there is always exactly one audio listener in the scene.
There are 2 audio listeners in the scene. Please ensure there is always exactly one audio listener in the scene.
There are 2 audio listeners in the scene. Please ensure there is always exactly one audio listener in the scene.
There are 2 audio listeners in the scene. Please ensure there is always exactly one audio listener in the scene.
There are 2 audio listeners in the scene. Please ensure there is always exactly one audio listener in the scene.
There are 2 audio listeners in the scene. Please ensure there is always exactly one audio listener in the scene.
There are 2 audio listeners in the scene. Please ensure there is always exactly one audio listener in the scene.
There are 2 audio listeners in the scene. Please ensure there is always exactly one audio listener in the scene.
There are 2 audio listeners in the scene. Please ensure there is always exactly one audio listener in the scene.
There are 2 audio listeners in the scene. Please ensure there is always exactly one audio listener in the scene.
There are 2 audio listeners in the scene. Please ensure there is always exactly one audio listener in the scene.
There are 2 audio listeners in the scene. Please ensure there is always exactly one audio listener in the scene.
There are 2 audio listeners in the scene. Please ensure there is always exactly one audio listener in the scene.
There are 2 audio listeners in the scene. Please ensure there is always exactly one audio listener in the scene.
There are 2 audio listeners in the scene. Please ensure there is always exactly one audio listener in the scene.
There are 2 audio listeners in the scene. Please ensure there is always exactly one audio listener in the scene.
There are 2 audio listeners in the scene. Please ensure there is always exactly one audio listener in the scene.
There are 2 audio listeners in the scene. Please ensure there is always exactly one audio listener in the scene.
There are 2 audio listeners in the scene. Please ensure there is always exactly one audio listener in the scene.
There are 2 audio listeners in the scene. Please ensure there is always exactly one audio listener in the scene.
There are 2 audio listeners in the scene. Please ensure there is always exactly one audio listener in the scene.
There are 2 audio listeners in the scene. Please ensure there is always exactly one audio listener in the scene.
There are 2 audio listeners in the scene. Please ensure there is always exactly one audio listener in the scene.
There are 2 audio listeners in the scene. Please ensure there is always exactly one audio listener in the scene.
There are 2 audio listeners in the scene. Please ensure there is always exactly one audio listener in the scene.
There are 2 audio listeners in the scene. Please ensure there is always exactly one audio listener in the scene.
There are 2 audio listeners in the scene. Please ensure there is always exactly one audio listener in the scene.
There are 2 audio listeners in the scene. Please ensure there is always exactly one audio listener in the scene.
There are 2 audio listeners in the scene. Please ensure there is always exactly one audio listener in the scene.
There are 2 audio listeners in the scene. Please ensure there is always exactly one audio listener in the scene.
There are 2 audio listeners in the scene. Please ensure there is always exactly one audio listener in the scene.
There are 2 audio listeners in the scene. Please ensure there is always exactly one audio listener in the scene.
There are 2 audio listeners in the scene. Please ensure there is always exactly one audio listener in the scene.
There are 2 audio listeners in the scene. Please ensure there is always exactly one audio listener in the scene.
There are 2 audio listeners in the scene. Please ensure there is always exactly one audio listener in the scene.
There are 2 audio listeners in the scene. Please ensure there is always exactly one audio listener in the scene.
There are 2 audio listeners in the scene. Please ensure there is always exactly one audio listener in the scene.
There are 2 audio listeners in the scene. Please ensure there is always exactly one audio listener in the scene.
There are 2 audio listeners in the scene. Please ensure there is always exactly one audio listener in the scene.
There are 2 audio listeners in the scene. Please ensure there is always exactly one audio listener in the scene.
There are 2 audio listeners in the scene. Please ensure there is always exactly one audio listener in the scene.
There are 2 audio listeners in the scene. Please ensure there is always exactly one audio listener in the scene.
There are 2 audio listeners in the scene. Please ensure there is always exactly one audio listener in the scene.
There are 2 audio listeners in the scene. Please ensure there is always exactly one audio listener in the scene.
There are 2 audio listeners in the scene. Please ensure there is always exactly one audio listener in the scene.
There are 2 audio listeners in the scene. Please ensure there is always exactly one audio listener in the scene.
There are 2 audio listeners in the scene. Please ensure there is always exactly one audio listener in the scene.
There are 2 audio listeners in the scene. Please ensure there is always exactly one audio listener in the scene.
There are 2 audio listeners in the scene. Please ensure there is always exactly one audio listener in the scene.
There are 2 audio listeners in the scene. Please ensure there is always exactly one audio listener in the scene.
There are 2 audio listeners in the scene. Please ensure there is always exactly one audio listener in the scene.
There are 2 audio listeners in the scene. Please ensure there is always exactly one audio listener in the scene.
There are 2 audio listeners in the scene. Please ensure there is always exactly one audio listener in the scene.
There are 2 audio listeners in the scene. Please ensure there is always exactly one audio listener in the scene.
There are 2 audio listeners in the scene. Please ensure there is always exactly one audio listener in the scene.
There are 2 audio listeners in the scene. Please ensure there is always exactly one audio listener in the scene.
There are 2 audio listeners in the scene. Please ensure there is always exactly one audio listener in the scene.
There are 2 audio listeners in the scene. Please ensure there is always exactly one audio listener in the scene.
There are 2 audio listeners in the scene. Please ensure there is always exactly one audio listener in the scene.
There are 2 audio listeners in the scene. Please ensure there is always exactly one audio listener in the scene.
There are 2 audio listeners in the scene. Please ensure there is always exactly one audio listener in the scene.
There are 2 audio listeners in the scene. Please ensure there is always exactly one audio listener in the scene.
There are 2 audio listeners in the scene. Please ensure there is always exactly one audio listener in the scene.
There are 2 audio listeners in the scene. Please ensure there is always exactly one audio listener in the scene.
There are 2 audio listeners in the scene. Please ensure there is always exactly one audio listener in the scene.
There are 2 audio listeners in the scene. Please ensure there is always exactly one audio listener in the scene.
There are 2 audio listeners in the scene. Please ensure there is always exactly one audio listener in the scene.
There are 2 audio listeners in the scene. Please ensure there is always exactly one audio listener in the scene.
There are 2 audio listeners in the scene. Please ensure there is always exactly one audio listener in the scene.
There are 2 audio listeners in the scene. Please ensure there is always exactly one audio listener in the scene.
There are 2 audio listeners in the scene. Please ensure there is always exactly one audio listener in the scene.
There are 2 audio listeners in the scene. Please ensure there is always exactly one audio listener in the scene.
There are 2 audio listeners in the scene. Please ensure there is always exactly one audio listener in the scene.
There are 2 audio listeners in the scene. Please ensure there is always exactly one audio listener in the scene.
There are 2 audio listeners in the scene. Please ensure there is always exactly one audio listener in the scene.
There are 2 audio listeners in the scene. Please ensure there is always exactly one audio listener in the scene.
There are 2 audio listeners in the scene. Please ensure there is always exactly one audio listener in the scene.
There are 2 audio listeners in the scene. Please ensure there is always exactly one audio listener in the scene.
There are 2 audio listeners in the scene. Please ensure there is always exactly one audio listener in the scene.
There are 2 audio listeners in the scene. Please ensure there is always exactly one audio listener in the scene.
There are 2 audio listeners in the scene. Please ensure there is always exactly one audio listener in the scene.
There are 2 audio listeners in the scene. Please ensure there is always exactly one audio listener in the scene.
There are 2 audio listeners in the scene. Please ensure there is always exactly one audio listener in the scene.
There are 2 audio listeners in the scene. Please ensure there is always exactly one audio listener in the scene.
There are 2 audio listeners in the scene. Please ensure there is always exactly one audio listener in the scene.
There are 2 audio listeners in the scene. Please ensure there is always exactly one audio listener in the scene.
There are 2 audio listeners in the scene. Please ensure there is always exactly one audio listener in the scene.
There are 2 audio listeners in the scene. Please ensure there is always exactly one audio listener in the scene.
There are 2 audio listeners in the scene. Please ensure there is always exactly one audio listener in the scene.
There are 2 audio listeners in the scene. Please ensure there is always exactly one audio listener in the scene.
There are 2 audio listeners in the scene. Please ensure there is always exactly one audio listener in the scene.
There are 2 audio listeners in the scene. Please ensure there is always exactly one audio listener in the scene.
There are 2 audio listeners in the scene. Please ensure there is always exactly one audio listener in the scene.
There are 2 audio listeners in the scene. Please ensure there is always exactly one audio listener in the scene.
There are 2 audio listeners in the scene. Please ensure there is always exactly one audio listener in the scene.
There are 2 audio listeners in the scene. Please ensure there is always exactly one audio listener in the scene.
There are 2 audio listeners in the scene. Please ensure there is always exactly one audio listener in the scene.
There are 2 audio listeners in the scene. Please ensure there is always exactly one audio listener in the scene.
There are 2 audio listeners in the scene. Please ensure there is always exactly one audio listener in the scene.
There are 2 audio listeners in the scene. Please ensure there is always exactly one audio listener in the scene.
There are 2 audio listeners in the scene. Please ensure there is always exactly one audio listener in the scene.
There are 2 audio listeners in the scene. Please ensure there is always exactly one audio listener in the scene.
There are 2 audio listeners in the scene. Please ensure there is always exactly one audio listener in the scene.
There are 2 audio listeners in the scene. Please ensure there is always exactly one audio listener in the scene.
There are 2 audio listeners in the scene. Please ensure there is always exactly one audio listener in the scene.
There are 2 audio listeners in the scene. Please ensure there is always exactly one audio listener in the scene.
There are 2 audio listeners in the scene. Please ensure there is always exactly one audio listener in the scene.
There are 2 audio listeners in the scene. Please ensure there is always exactly one audio listener in the scene.
There are 2 audio listeners in the scene. Please ensure there is always exactly one audio listener in the scene.
There are 2 audio listeners in the scene. Please ensure there is always exactly one audio listener in the scene.
There are 2 audio listeners in the scene. Please ensure there is always exactly one audio listener in the scene.
There are 2 audio listeners in the scene. Please ensure there is always exactly one audio listener in the scene.
There are 2 audio listeners in the scene. Please ensure there is always exactly one audio listener in the scene.
There are 2 audio listeners in the scene. Please ensure there is always exactly one audio listener in the scene.
There are 2 audio listeners in the scene. Please ensure there is always exactly one audio listener in the scene.
There are 2 audio listeners in the scene. Please ensure there is always exactly one audio listener in the scene.
There are 2 audio listeners in the scene. Please ensure there is always exactly one audio listener in the scene.
There are 2 audio listeners in the scene. Please ensure there is always exactly one audio listener in the scene.
There are 2 audio listeners in the scene. Please ensure there is always exactly one audio listener in the scene.
There are 2 audio listeners in the scene. Please ensure there is always exactly one audio listener in the scene.
There are 2 audio listeners in the scene. Please ensure there is always exactly one audio listener in the scene.
There are 2 audio listeners in the scene. Please ensure there is always exactly one audio listener in the scene.
There are 2 audio listeners in the scene. Please ensure there is always exactly one audio listener in the scene.
There are 2 audio listeners in the scene. Please ensure there is always exactly one audio listener in the scene.
There are 2 audio listeners in the scene. Please ensure there is always exactly one audio listener in the scene.
There are 2 audio listeners in the scene. Please ensure there is always exactly one audio listener in the scene.
There are 2 audio listeners in the scene. Please ensure there is always exactly one audio listener in the scene.
There are 2 audio listeners in the scene. Please ensure there is always exactly one audio listener in the scene.
There are 2 audio listeners in the scene. Please ensure there is always exactly one audio listener in the scene.
There are 2 audio listeners in the scene. Please ensure there is always exactly one audio listener in the scene.
There are 2 audio listeners in the scene. Please ensure there is always exactly one audio listener in the scene.
There are 2 audio listeners in the scene. Please ensure there is always exactly one audio listener in the scene.
There are 2 audio listeners in the scene. Please ensure there is always exactly one audio listener in the scene.
There are 2 audio listeners in the scene. Please ensure there is always exactly one audio listener in the scene.
There are 2 audio listeners in the scene. Please ensure there is always exactly one audio listener in the scene.
There are 2 audio listeners in the scene. Please ensure there is always exactly one audio listener in the scene.
There are 2 audio listeners in the scene. Please ensure there is always exactly one audio listener in the scene.
There are 2 audio listeners in the scene. Please ensure there is always exactly one audio listener in the scene.
There are 2 audio listeners in the scene. Please ensure there is always exactly one audio listener in the scene.
There are 2 audio listeners in the scene. Please ensure there is always exactly one audio listener in the scene.
There are 2 audio listeners in the scene. Please ensure there is always exactly one audio listener in the scene.
There are 2 audio listeners in the scene. Please ensure there is always exactly one audio listener in the scene.
There are 2 audio listeners in the scene. Please ensure there is always exactly one audio listener in the scene.
There are 2 audio listeners in the scene. Please ensure there is always exactly one audio listener in the scene.
There are 2 audio listeners in the scene. Please ensure there is always exactly one audio listener in the scene.
There are 2 audio listeners in the scene. Please ensure there is always exactly one audio listener in the scene.
There are 2 audio listeners in the scene. Please ensure there is always exactly one audio listener in the scene.
There are 2 audio listeners in the scene. Please ensure there is always exactly one audio listener in the scene.
There are 2 audio listeners in the scene. Please ensure there is always exactly one audio listener in the scene.
There are 2 audio listeners in the scene. Please ensure there is always exactly one audio listener in the scene.
There are 2 audio listeners in the scene. Please ensure there is always exactly one audio listener in the scene.
There are 2 audio listeners in the scene. Please ensure there is always exactly one audio listener in the scene.
There are 2 audio listeners in the scene. Please ensure there is always exactly one audio listener in the scene.
There are 2 audio listeners in the scene. Please ensure there is always exactly one audio listener in the scene.
There are 2 audio listeners in the scene. Please ensure there is always exactly one audio listener in the scene.
There are 2 audio listeners in the scene. Please ensure there is always exactly one audio listener in the scene.
There are 2 audio listeners in the scene. Please ensure there is always exactly one audio listener in the scene.
There are 2 audio listeners in the scene. Please ensure there is always exactly one audio listener in the scene.
There are 2 audio listeners in the scene. Please ensure there is always exactly one audio listener in the scene.
There are 2 audio listeners in the scene. Please ensure there is always exactly one audio listener in the scene.
There are 2 audio listeners in the scene. Please ensure there is always exactly one audio listener in the scene.
There are 2 audio listeners in the scene. Please ensure there is always exactly one audio listener in the scene.
There are 2 audio listeners in the scene. Please ensure there is always exactly one audio listener in the scene.
There are 2 audio listeners in the scene. Please ensure there is always exactly one audio listener in the scene.
There are 2 audio listeners in the scene. Please ensure there is always exactly one audio listener in the scene.
There are 2 audio listeners in the scene. Please ensure there is always exactly one audio listener in the scene.
There are 2 audio listeners in the scene. Please ensure there is always exactly one audio listener in the scene.
There are 2 audio listeners in the scene. Please ensure there is always exactly one audio listener in the scene.
There are 2 audio listeners in the scene. Please ensure there is always exactly one audio listener in the scene.
There are 2 audio listeners in the scene. Please ensure there is always exactly one audio listener in the scene.
There are 2 audio listeners in the scene. Please ensure there is always exactly one audio listener in the scene.
There are 2 audio listeners in the scene. Please ensure there is always exactly one audio listener in the scene.
There are 2 audio listeners in the scene. Please ensure there is always exactly one audio listener in the scene.
There are 2 audio listeners in the scene. Please ensure there is always exactly one audio listener in the scene.
There are 2 audio listeners in the scene. Please ensure there is always exactly one audio listener in the scene.
There are 2 audio listeners in the scene. Please ensure there is always exactly one audio listener in the scene.
There are 2 audio listeners in the scene. Please ensure there is always exactly one audio listener in the scene.
There are 2 audio listeners in the scene. Please ensure there is always exactly one audio listener in the scene.
There are 2 audio listeners in the scene. Please ensure there is always exactly one audio listener in the scene.
There are 2 audio listeners in the scene. Please ensure there is always exactly one audio listener in the scene.
There are 2 audio listeners in the scene. Please ensure there is always exactly one audio listener in the scene.
There are 2 audio listeners in the scene. Please ensure there is always exactly one audio listener in the scene.
There are 2 audio listeners in the scene. Please ensure there is always exactly one audio listener in the scene.
There are 2 audio listeners in the scene. Please ensure there is always exactly one audio listener in the scene.
There are 2 audio listeners in the scene. Please ensure there is always exactly one audio listener in the scene.
There are 2 audio listeners in the scene. Please ensure there is always exactly one audio listener in the scene.
There are 2 audio listeners in the scene. Please ensure there is always exactly one audio listener in the scene.
There are 2 audio listeners in the scene. Please ensure there is always exactly one audio listener in the scene.
There are 2 audio listeners in the scene. Please ensure there is always exactly one audio listener in the scene.
There are 2 audio listeners in the scene. Please ensure there is always exactly one audio listener in the scene.
There are 2 audio listeners in the scene. Please ensure there is always exactly one audio listener in the scene.
There are 2 audio listeners in the scene. Please ensure there is always exactly one audio listener in the scene.
There are 2 audio listeners in the scene. Please ensure there is always exactly one audio listener in the scene.
There are 2 audio listeners in the scene. Please ensure there is always exactly one audio listener in the scene.
There are 2 audio listeners in the scene. Please ensure there is always exactly one audio listener in the scene.
There are 2 audio listeners in the scene. Please ensure there is always exactly one audio listener in the scene.
There are 2 audio listeners in the scene. Please ensure there is always exactly one audio listener in the scene.
There are 2 audio listeners in the scene. Please ensure there is always exactly one audio listener in the scene.
There are 2 audio listeners in the scene. Please ensure there is always exactly one audio listener in the scene.
There are 2 audio listeners in the scene. Please ensure there is always exactly one audio listener in the scene.
There are 2 audio listeners in the scene. Please ensure there is always exactly one audio listener in the scene.
There are 2 audio listeners in the scene. Please ensure there is always exactly one audio listener in the scene.
There are 2 audio listeners in the scene. Please ensure there is always exactly one audio listener in the scene.
There are 2 audio listeners in the scene. Please ensure there is always exactly one audio listener in the scene.
There are 2 audio listeners in the scene. Please ensure there is always exactly one audio listener in the scene.
There are 2 audio listeners in the scene. Please ensure there is always exactly one audio listener in the scene.
There are 2 audio listeners in the scene. Please ensure there is always exactly one audio listener in the scene.
There are 2 audio listeners in the scene. Please ensure there is always exactly one audio listener in the scene.
There are 2 audio listeners in the scene. Please ensure there is always exactly one audio listener in the scene.
There are 2 audio listeners in the scene. Please ensure there is always exactly one audio listener in the scene.
There are 2 audio listeners in the scene. Please ensure there is always exactly one audio listener in the scene.
There are 2 audio listeners in the scene. Please ensure there is always exactly one audio listener in the scene.
There are 2 audio listeners in the scene. Please ensure there is always exactly one audio listener in the scene.
There are 2 audio listeners in the scene. Please ensure there is always exactly one audio listener in the scene.
There are 2 audio listeners in the scene. Please ensure there is always exactly one audio listener in the scene.
There are 2 audio listeners in the scene. Please ensure there is always exactly one audio listener in the scene.
There are 2 audio listeners in the scene. Please ensure there is always exactly one audio listener in the scene.
There are 2 audio listeners in the scene. Please ensure there is always exactly one audio listener in the scene.
There are 2 audio listeners in the scene. Please ensure there is always exactly one audio listener in the scene.
There are 2 audio listeners in the scene. Please ensure there is always exactly one audio listener in the scene.
There are 2 audio listeners in the scene. Please ensure there is always exactly one audio listener in the scene.
There are 2 audio listeners in the scene. Please ensure there is always exactly one audio listener in the scene.
There are 2 audio listeners in the scene. Please ensure there is always exactly one audio listener in the scene.
There are 2 audio listeners in the scene. Please ensure there is always exactly one audio listener in the scene.
There are 2 audio listeners in the scene. Please ensure there is always exactly one audio listener in the scene.
There are 2 audio listeners in the scene. Please ensure there is always exactly one audio listener in the scene.
There are 2 audio listeners in the scene. Please ensure there is always exactly one audio listener in the scene.
There are 2 audio listeners in the scene. Please ensure there is always exactly one audio listener in the scene.
There are 2 audio listeners in the scene. Please ensure there is always exactly one audio listener in the scene.
There are 2 audio listeners in the scene. Please ensure there is always exactly one audio listener in the scene.
There are 2 audio listeners in the scene. Please ensure there is always exactly one audio listener in the scene.
There are 2 audio listeners in the scene. Please ensure there is always exactly one audio listener in the scene.
There are 2 audio listeners in the scene. Please ensure there is always exactly one audio listener in the scene.
There are 2 audio listeners in the scene. Please ensure there is always exactly one audio listener in the scene.
[ScenarioManager] Target area reached: store_entrance
[ScenarioManager] Objective Completed: コンビニに入る
[ScenarioManager] Transitioning to Node: n_greet (Type: Dialogue)
[DialogueManager] Starting dialogue node: n_greet
There are 2 audio listeners in the scene. Please ensure there is always exactly one audio listener in the scene.
[SupabaseVoiceSync] Supabase REST test failed: 404 HTTP/1.1 404 Not Found
There are 2 audio listeners in the scene. Please ensure there is always exactly one audio listener in the scene.
There are 2 audio listeners in the scene. Please ensure there is always exactly one audio listener in the scene.
Saving results to: C:/Users/Admin/AppData/LocalLow/DefaultCompany/NihongoLife\TestResults.xml
]]></output>
            </test-case>
          </test-suite>
        </test-suite>
      </test-suite>
    </test-suite>
  </test-suite>
</test-run>