<?xml version="1.0" encoding="utf-8"?>
<test-run id="2" testcasecount="1" result="Failed(Child)" total="1" passed="0" failed="1" inconclusive="0" skipped="0" asserts="0" engine-version="3.5.0.0" clr-version="4.0.30319.42000" start-time="2026-08-20 18:25:56Z" end-time="2026-08-20 18:25:57Z" duration="1.4172036">
  <test-suite type="TestSuite" id="1009" name="NihongoLife" fullname="NihongoLife" runstate="Runnable" testcasecount="1" result="Failed" site="Child" start-time="2026-08-20 18:25:56Z" end-time="2026-08-20 18:25:57Z" duration="1.417204" total="1" passed="0" failed="1" inconclusive="0" skipped="0" asserts="0">
    <properties>
      <property name="platform" value="PlayMode" />
    </properties>
    <failure>
      <message><![CDATA[One or more child tests had errors]]></message>
    </failure>
    <test-suite type="Assembly" id="1003" name="NihongoLife.Tests.PlayMode.dll" fullname="D:/VTC_Academy/NihongoLife/NihongoLife/NihongoLife/Library/ScriptAssemblies/NihongoLife.Tests.PlayMode.dll" runstate="Runnable" testcasecount="1" result="Failed" site="Child" start-time="2026-08-20 18:25:56Z" end-time="2026-08-20 18:25:57Z" duration="1.406666" total="1" passed="0" failed="1" inconclusive="0" skipped="0" asserts="0">
      <properties>
        <property name="_PID" value="31208" />
        <property name="_APPDOMAIN" value="Unity Child Domain" />
        <property name="platform" value="PlayMode" />
        <property name="EditorOnly" value="False" />
      </properties>
      <failure>
        <message><![CDATA[One or more child tests had errors]]></message>
      </failure>
      <test-suite type="TestSuite" id="1004" name="NihongoLife" fullname="NihongoLife" runstate="Runnable" testcasecount="1" result="Failed" site="Child" start-time="2026-08-20 18:25:56Z" end-time="2026-08-20 18:25:57Z" duration="1.405990" total="1" passed="0" failed="1" inconclusive="0" skipped="0" asserts="0">
        <properties />
        <failure>
          <message><![CDATA[One or more child tests had errors]]></message>
        </failure>
        <test-suite type="TestSuite" id="1005" name="Tests" fullname="NihongoLife.Tests" runstate="Runnable" testcasecount="1" result="Failed" site="Child" start-time="2026-08-20 18:25:56Z" end-time="2026-08-20 18:25:57Z" duration="1.405659" total="1" passed="0" failed="1" inconclusive="0" skipped="0" asserts="0">
          <properties />
          <failure>
            <message><![CDATA[One or more child tests had errors]]></message>
          </failure>
          <test-suite type="TestFixture" id="1001" name="ScenarioPlayModeTests" fullname="NihongoLife.Tests.ScenarioPlayModeTests" classname="NihongoLife.Tests.ScenarioPlayModeTests" runstate="Runnable" testcasecount="1" result="Failed" site="Child" start-time="2026-08-20 18:25:56Z" end-time="2026-08-20 18:25:57Z" duration="1.404372" total="1" passed="0" failed="1" inconclusive="0" skipped="0" asserts="0">
            <properties />
            <failure>
              <message><![CDATA[One or more child tests had errors]]></message>
            </failure>
            <test-case id="1002" name="Scenario_PlayModeSmokeTest" fullname="NihongoLife.Tests.ScenarioPlayModeTests.Scenario_PlayModeSmokeTest" methodname="Scenario_PlayModeSmokeTest" classname="NihongoLife.Tests.ScenarioPlayModeTests" runstate="Runnable" seed="1915240428" result="Failed" start-time="2026-08-20 18:25:56Z" end-time="2026-08-20 18:25:57Z" duration="1.389576" asserts="0">
              <properties>
                <property name="_JOINTYPE" value="UnityCombinatorial" />
                <property name="retryIteration" value="0" />
                <property name="repeatIteration" value="0" />
              </properties>
              <failure>
                <message><![CDATA[Unhandled log message: '[Exception] InvalidOperationException: You are trying to read Input using the UnityEngine.Input class, but you have switched active Input handling to Input System package in Player Settings.'. Use UnityEngine.TestTools.LogAssert.Expect]]></message>
                <stack-trace><![CDATA[UnityEngine.Input.get_mousePosition () (at <821db944395a4707baf43b2d273f0b00>:0)
UnityEngine.EventSystems.BaseInput.get_mousePosition () (at ./Library/PackageCache/com.unity.ugui@8ccc29d23a79/Runtime/UGUI/EventSystem/InputModules/BaseInput.cs:75)
UnityEngine.EventSystems.StandaloneInputModule.UpdateModule () (at ./Library/PackageCache/com.unity.ugui@8ccc29d23a79/Runtime/UGUI/EventSystem/InputModules/StandaloneInputModule.cs:175)
UnityEngine.EventSystems.EventSystem.TickModules () (at ./Library/PackageCache/com.unity.ugui@8ccc29d23a79/Runtime/UGUI/EventSystem/EventSystem.cs:460)
UnityEngine.EventSystems.EventSystem.Update () (at ./Library/PackageCache/com.unity.ugui@8ccc29d23a79/Runtime/UGUI/EventSystem/EventSystem.cs:480)

]]></stack-trace>
              </failure>
              <output><![CDATA[[AppRoot] Initializing core services...
[SceneFlowController] Initialized.
[AudioService] Initialized AudioSources.
[LocalProgressRepository] No save file found, creating new progress.
[LocalProgressRepository] Saved progress to disk.
[LocalProgressRepository] Initialized. Save path: C:/Users/Admin/AppData/LocalLow/DefaultCompany/NihongoLife\progress.json
[LocalScenarioRepository] Loaded 1 scenarios from Resources/Scenarios.
[AppRoot] Core services initialized successfully.
[SceneFlowController] Loading scene: 01_MainMenu
InvalidOperationException: You are trying to read Input using the UnityEngine.Input class, but you have switched active Input handling to Input System package in Player Settings.
UnityEngine.Input.get_mousePosition () (at <821db944395a4707baf43b2d273f0b00>:0)
UnityEngine.EventSystems.BaseInput.get_mousePosition () (at ./Library/PackageCache/com.unity.ugui@8ccc29d23a79/Runtime/UGUI/EventSystem/InputModules/BaseInput.cs:75)
UnityEngine.EventSystems.StandaloneInputModule.UpdateModule () (at ./Library/PackageCache/com.unity.ugui@8ccc29d23a79/Runtime/UGUI/EventSystem/InputModules/StandaloneInputModule.cs:175)
UnityEngine.EventSystems.EventSystem.TickModules () (at ./Library/PackageCache/com.unity.ugui@8ccc29d23a79/Runtime/UGUI/EventSystem/EventSystem.cs:460)
UnityEngine.EventSystems.EventSystem.Update () (at ./Library/PackageCache/com.unity.ugui@8ccc29d23a79/Runtime/UGUI/EventSystem/EventSystem.cs:480)

InvalidOperationException: You are trying to read Input using the UnityEngine.Input class, but you have switched active Input handling to Input System package in Player Settings.
UnityEngine.Input.get_mousePosition () (at <821db944395a4707baf43b2d273f0b00>:0)
UnityEngine.EventSystems.BaseInput.get_mousePosition () (at ./Library/PackageCache/com.unity.ugui@8ccc29d23a79/Runtime/UGUI/EventSystem/InputModules/BaseInput.cs:75)
UnityEngine.EventSystems.StandaloneInputModule.UpdateModule () (at ./Library/PackageCache/com.unity.ugui@8ccc29d23a79/Runtime/UGUI/EventSystem/InputModules/StandaloneInputModule.cs:175)
UnityEngine.EventSystems.EventSystem.TickModules () (at ./Library/PackageCache/com.unity.ugui@8ccc29d23a79/Runtime/UGUI/EventSystem/EventSystem.cs:460)
UnityEngine.EventSystems.EventSystem.Update () (at ./Library/PackageCache/com.unity.ugui@8ccc29d23a79/Runtime/UGUI/EventSystem/EventSystem.cs:480)

InvalidOperationException: You are trying to read Input using the UnityEngine.Input class, but you have switched active Input handling to Input System package in Player Settings.
UnityEngine.Input.get_mousePosition () (at <821db944395a4707baf43b2d273f0b00>:0)
UnityEngine.EventSystems.BaseInput.get_mousePosition () (at ./Library/PackageCache/com.unity.ugui@8ccc29d23a79/Runtime/UGUI/EventSystem/InputModules/BaseInput.cs:75)
UnityEngine.EventSystems.StandaloneInputModule.UpdateModule () (at ./Library/PackageCache/com.unity.ugui@8ccc29d23a79/Runtime/UGUI/EventSystem/InputModules/StandaloneInputModule.cs:175)
UnityEngine.EventSystems.EventSystem.TickModules () (at ./Library/PackageCache/com.unity.ugui@8ccc29d23a79/Runtime/UGUI/EventSystem/EventSystem.cs:460)
UnityEngine.EventSystems.EventSystem.Update () (at ./Library/PackageCache/com.unity.ugui@8ccc29d23a79/Runtime/UGUI/EventSystem/EventSystem.cs:480)

InvalidOperationException: You are trying to read Input using the UnityEngine.Input class, but you have switched active Input handling to Input System package in Player Settings.
UnityEngine.Input.get_mousePosition () (at <821db944395a4707baf43b2d273f0b00>:0)
UnityEngine.EventSystems.BaseInput.get_mousePosition () (at ./Library/PackageCache/com.unity.ugui@8ccc29d23a79/Runtime/UGUI/EventSystem/InputModules/BaseInput.cs:75)
UnityEngine.EventSystems.StandaloneInputModule.UpdateModule () (at ./Library/PackageCache/com.unity.ugui@8ccc29d23a79/Runtime/UGUI/EventSystem/InputModules/StandaloneInputModule.cs:175)
UnityEngine.EventSystems.EventSystem.TickModules () (at ./Library/PackageCache/com.unity.ugui@8ccc29d23a79/Runtime/UGUI/EventSystem/EventSystem.cs:460)
UnityEngine.EventSystems.EventSystem.Update () (at ./Library/PackageCache/com.unity.ugui@8ccc29d23a79/Runtime/UGUI/EventSystem/EventSystem.cs:480)

InvalidOperationException: You are trying to read Input using the UnityEngine.Input class, but you have switched active Input handling to Input System package in Player Settings.
UnityEngine.Input.get_mousePosition () (at <821db944395a4707baf43b2d273f0b00>:0)
UnityEngine.EventSystems.BaseInput.get_mousePosition () (at ./Library/PackageCache/com.unity.ugui@8ccc29d23a79/Runtime/UGUI/EventSystem/InputModules/BaseInput.cs:75)
UnityEngine.EventSystems.StandaloneInputModule.UpdateModule () (at ./Library/PackageCache/com.unity.ugui@8ccc29d23a79/Runtime/UGUI/EventSystem/InputModules/StandaloneInputModule.cs:175)
UnityEngine.EventSystems.EventSystem.TickModules () (at ./Library/PackageCache/com.unity.ugui@8ccc29d23a79/Runtime/UGUI/EventSystem/EventSystem.cs:460)
UnityEngine.EventSystems.EventSystem.Update () (at ./Library/PackageCache/com.unity.ugui@8ccc29d23a79/Runtime/UGUI/EventSystem/EventSystem.cs:480)

InvalidOperationException: You are trying to read Input using the UnityEngine.Input class, but you have switched active Input handling to Input System package in Player Settings.
UnityEngine.Input.get_mousePosition () (at <821db944395a4707baf43b2d273f0b00>:0)
UnityEngine.EventSystems.BaseInput.get_mousePosition () (at ./Library/PackageCache/com.unity.ugui@8ccc29d23a79/Runtime/UGUI/EventSystem/InputModules/BaseInput.cs:75)
UnityEngine.EventSystems.StandaloneInputModule.UpdateModule () (at ./Library/PackageCache/com.unity.ugui@8ccc29d23a79/Runtime/UGUI/EventSystem/InputModules/StandaloneInputModule.cs:175)
UnityEngine.EventSystems.EventSystem.TickModules () (at ./Library/PackageCache/com.unity.ugui@8ccc29d23a79/Runtime/UGUI/EventSystem/EventSystem.cs:460)
UnityEngine.EventSystems.EventSystem.Update () (at ./Library/PackageCache/com.unity.ugui@8ccc29d23a79/Runtime/UGUI/EventSystem/EventSystem.cs:480)

InvalidOperationException: You are trying to read Input using the UnityEngine.Input class, but you have switched active Input handling to Input System package in Player Settings.
UnityEngine.Input.get_mousePosition () (at <821db944395a4707baf43b2d273f0b00>:0)
UnityEngine.EventSystems.BaseInput.get_mousePosition () (at ./Library/PackageCache/com.unity.ugui@8ccc29d23a79/Runtime/UGUI/EventSystem/InputModules/BaseInput.cs:75)
UnityEngine.EventSystems.StandaloneInputModule.UpdateModule () (at ./Library/PackageCache/com.unity.ugui@8ccc29d23a79/Runtime/UGUI/EventSystem/InputModules/StandaloneInputModule.cs:175)
UnityEngine.EventSystems.EventSystem.TickModules () (at ./Library/PackageCache/com.unity.ugui@8ccc29d23a79/Runtime/UGUI/EventSystem/EventSystem.cs:460)
UnityEngine.EventSystems.EventSystem.Update () (at ./Library/PackageCache/com.unity.ugui@8ccc29d23a79/Runtime/UGUI/EventSystem/EventSystem.cs:480)

InvalidOperationException: You are trying to read Input using the UnityEngine.Input class, but you have switched active Input handling to Input System package in Player Settings.
UnityEngine.Input.get_mousePosition () (at <821db944395a4707baf43b2d273f0b00>:0)
UnityEngine.EventSystems.BaseInput.get_mousePosition () (at ./Library/PackageCache/com.unity.ugui@8ccc29d23a79/Runtime/UGUI/EventSystem/InputModules/BaseInput.cs:75)
UnityEngine.EventSystems.StandaloneInputModule.UpdateModule () (at ./Library/PackageCache/com.unity.ugui@8ccc29d23a79/Runtime/UGUI/EventSystem/InputModules/StandaloneInputModule.cs:175)
UnityEngine.EventSystems.EventSystem.TickModules () (at ./Library/PackageCache/com.unity.ugui@8ccc29d23a79/Runtime/UGUI/EventSystem/EventSystem.cs:460)
UnityEngine.EventSystems.EventSystem.Update () (at ./Library/PackageCache/com.unity.ugui@8ccc29d23a79/Runtime/UGUI/EventSystem/EventSystem.cs:480)

InvalidOperationException: You are trying to read Input using the UnityEngine.Input class, but you have switched active Input handling to Input System package in Player Settings.
UnityEngine.Input.get_mousePosition () (at <821db944395a4707baf43b2d273f0b00>:0)
UnityEngine.EventSystems.BaseInput.get_mousePosition () (at ./Library/PackageCache/com.unity.ugui@8ccc29d23a79/Runtime/UGUI/EventSystem/InputModules/BaseInput.cs:75)
UnityEngine.EventSystems.StandaloneInputModule.UpdateModule () (at ./Library/PackageCache/com.unity.ugui@8ccc29d23a79/Runtime/UGUI/EventSystem/InputModules/StandaloneInputModule.cs:175)
UnityEngine.EventSystems.EventSystem.TickModules () (at ./Library/PackageCache/com.unity.ugui@8ccc29d23a79/Runtime/UGUI/EventSystem/EventSystem.cs:460)
UnityEngine.EventSystems.EventSystem.Update () (at ./Library/PackageCache/com.unity.ugui@8ccc29d23a79/Runtime/UGUI/EventSystem/EventSystem.cs:480)

InvalidOperationException: You are trying to read Input using the UnityEngine.Input class, but you have switched active Input handling to Input System package in Player Settings.
UnityEngine.Input.get_mousePosition () (at <821db944395a4707baf43b2d273f0b00>:0)
UnityEngine.EventSystems.BaseInput.get_mousePosition () (at ./Library/PackageCache/com.unity.ugui@8ccc29d23a79/Runtime/UGUI/EventSystem/InputModules/BaseInput.cs:75)
UnityEngine.EventSystems.StandaloneInputModule.UpdateModule () (at ./Library/PackageCache/com.unity.ugui@8ccc29d23a79/Runtime/UGUI/EventSystem/InputModules/StandaloneInputModule.cs:175)
UnityEngine.EventSystems.EventSystem.TickModules () (at ./Library/PackageCache/com.unity.ugui@8ccc29d23a79/Runtime/UGUI/EventSystem/EventSystem.cs:460)
UnityEngine.EventSystems.EventSystem.Update () (at ./Library/PackageCache/com.unity.ugui@8ccc29d23a79/Runtime/UGUI/EventSystem/EventSystem.cs:480)

InvalidOperationException: You are trying to read Input using the UnityEngine.Input class, but you have switched active Input handling to Input System package in Player Settings.
UnityEngine.Input.get_mousePosition () (at <821db944395a4707baf43b2d273f0b00>:0)
UnityEngine.EventSystems.BaseInput.get_mousePosition () (at ./Library/PackageCache/com.unity.ugui@8ccc29d23a79/Runtime/UGUI/EventSystem/InputModules/BaseInput.cs:75)
UnityEngine.EventSystems.StandaloneInputModule.UpdateModule () (at ./Library/PackageCache/com.unity.ugui@8ccc29d23a79/Runtime/UGUI/EventSystem/InputModules/StandaloneInputModule.cs:175)
UnityEngine.EventSystems.EventSystem.TickModules () (at ./Library/PackageCache/com.unity.ugui@8ccc29d23a79/Runtime/UGUI/EventSystem/EventSystem.cs:460)
UnityEngine.EventSystems.EventSystem.Update () (at ./Library/PackageCache/com.unity.ugui@8ccc29d23a79/Runtime/UGUI/EventSystem/EventSystem.cs:480)

InvalidOperationException: You are trying to read Input using the UnityEngine.Input class, but you have switched active Input handling to Input System package in Player Settings.
UnityEngine.Input.get_mousePosition () (at <821db944395a4707baf43b2d273f0b00>:0)
UnityEngine.EventSystems.BaseInput.get_mousePosition () (at ./Library/PackageCache/com.unity.ugui@8ccc29d23a79/Runtime/UGUI/EventSystem/InputModules/BaseInput.cs:75)
UnityEngine.EventSystems.StandaloneInputModule.UpdateModule () (at ./Library/PackageCache/com.unity.ugui@8ccc29d23a79/Runtime/UGUI/EventSystem/InputModules/StandaloneInputModule.cs:175)
UnityEngine.EventSystems.EventSystem.TickModules () (at ./Library/PackageCache/com.unity.ugui@8ccc29d23a79/Runtime/UGUI/EventSystem/EventSystem.cs:460)
UnityEngine.EventSystems.EventSystem.Update () (at ./Library/PackageCache/com.unity.ugui@8ccc29d23a79/Runtime/UGUI/EventSystem/EventSystem.cs:480)

InvalidOperationException: You are trying to read Input using the UnityEngine.Input class, but you have switched active Input handling to Input System package in Player Settings.
UnityEngine.Input.get_mousePosition () (at <821db944395a4707baf43b2d273f0b00>:0)
UnityEngine.EventSystems.BaseInput.get_mousePosition () (at ./Library/PackageCache/com.unity.ugui@8ccc29d23a79/Runtime/UGUI/EventSystem/InputModules/BaseInput.cs:75)
UnityEngine.EventSystems.StandaloneInputModule.UpdateModule () (at ./Library/PackageCache/com.unity.ugui@8ccc29d23a79/Runtime/UGUI/EventSystem/InputModules/StandaloneInputModule.cs:175)
UnityEngine.EventSystems.EventSystem.TickModules () (at ./Library/PackageCache/com.unity.ugui@8ccc29d23a79/Runtime/UGUI/EventSystem/EventSystem.cs:460)
UnityEngine.EventSystems.EventSystem.Update () (at ./Library/PackageCache/com.unity.ugui@8ccc29d23a79/Runtime/UGUI/EventSystem/EventSystem.cs:480)

InvalidOperationException: You are trying to read Input using the UnityEngine.Input class, but you have switched active Input handling to Input System package in Player Settings.
UnityEngine.Input.get_mousePosition () (at <821db944395a4707baf43b2d273f0b00>:0)
UnityEngine.EventSystems.BaseInput.get_mousePosition () (at ./Library/PackageCache/com.unity.ugui@8ccc29d23a79/Runtime/UGUI/EventSystem/InputModules/BaseInput.cs:75)
UnityEngine.EventSystems.StandaloneInputModule.UpdateModule () (at ./Library/PackageCache/com.unity.ugui@8ccc29d23a79/Runtime/UGUI/EventSystem/InputModules/StandaloneInputModule.cs:175)
UnityEngine.EventSystems.EventSystem.TickModules () (at ./Library/PackageCache/com.unity.ugui@8ccc29d23a79/Runtime/UGUI/EventSystem/EventSystem.cs:460)
UnityEngine.EventSystems.EventSystem.Update () (at ./Library/PackageCache/com.unity.ugui@8ccc29d23a79/Runtime/UGUI/EventSystem/EventSystem.cs:480)

InvalidOperationException: You are trying to read Input using the UnityEngine.Input class, but you have switched active Input handling to Input System package in Player Settings.
UnityEngine.Input.get_mousePosition () (at <821db944395a4707baf43b2d273f0b00>:0)
UnityEngine.EventSystems.BaseInput.get_mousePosition () (at ./Library/PackageCache/com.unity.ugui@8ccc29d23a79/Runtime/UGUI/EventSystem/InputModules/BaseInput.cs:75)
UnityEngine.EventSystems.StandaloneInputModule.UpdateModule () (at ./Library/PackageCache/com.unity.ugui@8ccc29d23a79/Runtime/UGUI/EventSystem/InputModules/StandaloneInputModule.cs:175)
UnityEngine.EventSystems.EventSystem.TickModules () (at ./Library/PackageCache/com.unity.ugui@8ccc29d23a79/Runtime/UGUI/EventSystem/EventSystem.cs:460)
UnityEngine.EventSystems.EventSystem.Update () (at ./Library/PackageCache/com.unity.ugui@8ccc29d23a79/Runtime/UGUI/EventSystem/EventSystem.cs:480)

InvalidOperationException: You are trying to read Input using the UnityEngine.Input class, but you have switched active Input handling to Input System package in Player Settings.
UnityEngine.Input.get_mousePosition () (at <821db944395a4707baf43b2d273f0b00>:0)
UnityEngine.EventSystems.BaseInput.get_mousePosition () (at ./Library/PackageCache/com.unity.ugui@8ccc29d23a79/Runtime/UGUI/EventSystem/InputModules/BaseInput.cs:75)
UnityEngine.EventSystems.StandaloneInputModule.UpdateModule () (at ./Library/PackageCache/com.unity.ugui@8ccc29d23a79/Runtime/UGUI/EventSystem/InputModules/StandaloneInputModule.cs:175)
UnityEngine.EventSystems.EventSystem.TickModules () (at ./Library/PackageCache/com.unity.ugui@8ccc29d23a79/Runtime/UGUI/EventSystem/EventSystem.cs:460)
UnityEngine.EventSystems.EventSystem.Update () (at ./Library/PackageCache/com.unity.ugui@8ccc29d23a79/Runtime/UGUI/EventSystem/EventSystem.cs:480)

InvalidOperationException: You are trying to read Input using the UnityEngine.Input class, but you have switched active Input handling to Input System package in Player Settings.
UnityEngine.Input.get_mousePosition () (at <821db944395a4707baf43b2d273f0b00>:0)
UnityEngine.EventSystems.BaseInput.get_mousePosition () (at ./Library/PackageCache/com.unity.ugui@8ccc29d23a79/Runtime/UGUI/EventSystem/InputModules/BaseInput.cs:75)
UnityEngine.EventSystems.StandaloneInputModule.UpdateModule () (at ./Library/PackageCache/com.unity.ugui@8ccc29d23a79/Runtime/UGUI/EventSystem/InputModules/StandaloneInputModule.cs:175)
UnityEngine.EventSystems.EventSystem.TickModules () (at ./Library/PackageCache/com.unity.ugui@8ccc29d23a79/Runtime/UGUI/EventSystem/EventSystem.cs:460)
UnityEngine.EventSystems.EventSystem.Update () (at ./Library/PackageCache/com.unity.ugui@8ccc29d23a79/Runtime/UGUI/EventSystem/EventSystem.cs:480)

InvalidOperationException: You are trying to read Input using the UnityEngine.Input class, but you have switched active Input handling to Input System package in Player Settings.
UnityEngine.Input.get_mousePosition () (at <821db944395a4707baf43b2d273f0b00>:0)
UnityEngine.EventSystems.BaseInput.get_mousePosition () (at ./Library/PackageCache/com.unity.ugui@8ccc29d23a79/Runtime/UGUI/EventSystem/InputModules/BaseInput.cs:75)
UnityEngine.EventSystems.StandaloneInputModule.UpdateModule () (at ./Library/PackageCache/com.unity.ugui@8ccc29d23a79/Runtime/UGUI/EventSystem/InputModules/StandaloneInputModule.cs:175)
UnityEngine.EventSystems.EventSystem.TickModules () (at ./Library/PackageCache/com.unity.ugui@8ccc29d23a79/Runtime/UGUI/EventSystem/EventSystem.cs:460)
UnityEngine.EventSystems.EventSystem.Update () (at ./Library/PackageCache/com.unity.ugui@8ccc29d23a79/Runtime/UGUI/EventSystem/EventSystem.cs:480)

InvalidOperationException: You are trying to read Input using the UnityEngine.Input class, but you have switched active Input handling to Input System package in Player Settings.
UnityEngine.Input.get_mousePosition () (at <821db944395a4707baf43b2d273f0b00>:0)
UnityEngine.EventSystems.BaseInput.get_mousePosition () (at ./Library/PackageCache/com.unity.ugui@8ccc29d23a79/Runtime/UGUI/EventSystem/InputModules/BaseInput.cs:75)
UnityEngine.EventSystems.StandaloneInputModule.UpdateModule () (at ./Library/PackageCache/com.unity.ugui@8ccc29d23a79/Runtime/UGUI/EventSystem/InputModules/StandaloneInputModule.cs:175)
UnityEngine.EventSystems.EventSystem.TickModules () (at ./Library/PackageCache/com.unity.ugui@8ccc29d23a79/Runtime/UGUI/EventSystem/EventSystem.cs:460)
UnityEngine.EventSystems.EventSystem.Update () (at ./Library/PackageCache/com.unity.ugui@8ccc29d23a79/Runtime/UGUI/EventSystem/EventSystem.cs:480)

InvalidOperationException: You are trying to read Input using the UnityEngine.Input class, but you have switched active Input handling to Input System package in Player Settings.
UnityEngine.Input.get_mousePosition () (at <821db944395a4707baf43b2d273f0b00>:0)
UnityEngine.EventSystems.BaseInput.get_mousePosition () (at ./Library/PackageCache/com.unity.ugui@8ccc29d23a79/Runtime/UGUI/EventSystem/InputModules/BaseInput.cs:75)
UnityEngine.EventSystems.StandaloneInputModule.UpdateModule () (at ./Library/PackageCache/com.unity.ugui@8ccc29d23a79/Runtime/UGUI/EventSystem/InputModules/StandaloneInputModule.cs:175)
UnityEngine.EventSystems.EventSystem.TickModules () (at ./Library/PackageCache/com.unity.ugui@8ccc29d23a79/Runtime/UGUI/EventSystem/EventSystem.cs:460)
UnityEngine.EventSystems.EventSystem.Update () (at ./Library/PackageCache/com.unity.ugui@8ccc29d23a79/Runtime/UGUI/EventSystem/EventSystem.cs:480)

InvalidOperationException: You are trying to read Input using the UnityEngine.Input class, but you have switched active Input handling to Input System package in Player Settings.
UnityEngine.Input.get_mousePosition () (at <821db944395a4707baf43b2d273f0b00>:0)
UnityEngine.EventSystems.BaseInput.get_mousePosition () (at ./Library/PackageCache/com.unity.ugui@8ccc29d23a79/Runtime/UGUI/EventSystem/InputModules/BaseInput.cs:75)
UnityEngine.EventSystems.StandaloneInputModule.UpdateModule () (at ./Library/PackageCache/com.unity.ugui@8ccc29d23a79/Runtime/UGUI/EventSystem/InputModules/StandaloneInputModule.cs:175)
UnityEngine.EventSystems.EventSystem.TickModules () (at ./Library/PackageCache/com.unity.ugui@8ccc29d23a79/Runtime/UGUI/EventSystem/EventSystem.cs:460)
UnityEngine.EventSystems.EventSystem.Update () (at ./Library/PackageCache/com.unity.ugui@8ccc29d23a79/Runtime/UGUI/EventSystem/EventSystem.cs:480)

InvalidOperationException: You are trying to read Input using the UnityEngine.Input class, but you have switched active Input handling to Input System package in Player Settings.
UnityEngine.Input.get_mousePosition () (at <821db944395a4707baf43b2d273f0b00>:0)
UnityEngine.EventSystems.BaseInput.get_mousePosition () (at ./Library/PackageCache/com.unity.ugui@8ccc29d23a79/Runtime/UGUI/EventSystem/InputModules/BaseInput.cs:75)
UnityEngine.EventSystems.StandaloneInputModule.UpdateModule () (at ./Library/PackageCache/com.unity.ugui@8ccc29d23a79/Runtime/UGUI/EventSystem/InputModules/StandaloneInputModule.cs:175)
UnityEngine.EventSystems.EventSystem.TickModules () (at ./Library/PackageCache/com.unity.ugui@8ccc29d23a79/Runtime/UGUI/EventSystem/EventSystem.cs:460)
UnityEngine.EventSystems.EventSystem.Update () (at ./Library/PackageCache/com.unity.ugui@8ccc29d23a79/Runtime/UGUI/EventSystem/EventSystem.cs:480)

InvalidOperationException: You are trying to read Input using the UnityEngine.Input class, but you have switched active Input handling to Input System package in Player Settings.
UnityEngine.Input.get_mousePosition () (at <821db944395a4707baf43b2d273f0b00>:0)
UnityEngine.EventSystems.BaseInput.get_mousePosition () (at ./Library/PackageCache/com.unity.ugui@8ccc29d23a79/Runtime/UGUI/EventSystem/InputModules/BaseInput.cs:75)
UnityEngine.EventSystems.StandaloneInputModule.UpdateModule () (at ./Library/PackageCache/com.unity.ugui@8ccc29d23a79/Runtime/UGUI/EventSystem/InputModules/StandaloneInputModule.cs:175)
UnityEngine.EventSystems.EventSystem.TickModules () (at ./Library/PackageCache/com.unity.ugui@8ccc29d23a79/Runtime/UGUI/EventSystem/EventSystem.cs:460)
UnityEngine.EventSystems.EventSystem.Update () (at ./Library/PackageCache/com.unity.ugui@8ccc29d23a79/Runtime/UGUI/EventSystem/EventSystem.cs:480)

InvalidOperationException: You are trying to read Input using the UnityEngine.Input class, but you have switched active Input handling to Input System package in Player Settings.
UnityEngine.Input.get_mousePosition () (at <821db944395a4707baf43b2d273f0b00>:0)
UnityEngine.EventSystems.BaseInput.get_mousePosition () (at ./Library/PackageCache/com.unity.ugui@8ccc29d23a79/Runtime/UGUI/EventSystem/InputModules/BaseInput.cs:75)
UnityEngine.EventSystems.StandaloneInputModule.UpdateModule () (at ./Library/PackageCache/com.unity.ugui@8ccc29d23a79/Runtime/UGUI/EventSystem/InputModules/StandaloneInputModule.cs:175)
UnityEngine.EventSystems.EventSystem.TickModules () (at ./Library/PackageCache/com.unity.ugui@8ccc29d23a79/Runtime/UGUI/EventSystem/EventSystem.cs:460)
UnityEngine.EventSystems.EventSystem.Update () (at ./Library/PackageCache/com.unity.ugui@8ccc29d23a79/Runtime/UGUI/EventSystem/EventSystem.cs:480)

InvalidOperationException: You are trying to read Input using the UnityEngine.Input class, but you have switched active Input handling to Input System package in Player Settings.
UnityEngine.Input.get_mousePosition () (at <821db944395a4707baf43b2d273f0b00>:0)
UnityEngine.EventSystems.BaseInput.get_mousePosition () (at ./Library/PackageCache/com.unity.ugui@8ccc29d23a79/Runtime/UGUI/EventSystem/InputModules/BaseInput.cs:75)
UnityEngine.EventSystems.StandaloneInputModule.UpdateModule () (at ./Library/PackageCache/com.unity.ugui@8ccc29d23a79/Runtime/UGUI/EventSystem/InputModules/StandaloneInputModule.cs:175)
UnityEngine.EventSystems.EventSystem.TickModules () (at ./Library/PackageCache/com.unity.ugui@8ccc29d23a79/Runtime/UGUI/EventSystem/EventSystem.cs:460)
UnityEngine.EventSystems.EventSystem.Update () (at ./Library/PackageCache/com.unity.ugui@8ccc29d23a79/Runtime/UGUI/EventSystem/EventSystem.cs:480)

InvalidOperationException: You are trying to read Input using the UnityEngine.Input class, but you have switched active Input handling to Input System package in Player Settings.
UnityEngine.Input.get_mousePosition () (at <821db944395a4707baf43b2d273f0b00>:0)
UnityEngine.EventSystems.BaseInput.get_mousePosition () (at ./Library/PackageCache/com.unity.ugui@8ccc29d23a79/Runtime/UGUI/EventSystem/InputModules/BaseInput.cs:75)
UnityEngine.EventSystems.StandaloneInputModule.UpdateModule () (at ./Library/PackageCache/com.unity.ugui@8ccc29d23a79/Runtime/UGUI/EventSystem/InputModules/StandaloneInputModule.cs:175)
UnityEngine.EventSystems.EventSystem.TickModules () (at ./Library/PackageCache/com.unity.ugui@8ccc29d23a79/Runtime/UGUI/EventSystem/EventSystem.cs:460)
UnityEngine.EventSystems.EventSystem.Update () (at ./Library/PackageCache/com.unity.ugui@8ccc29d23a79/Runtime/UGUI/EventSystem/EventSystem.cs:480)

InvalidOperationException: You are trying to read Input using the UnityEngine.Input class, but you have switched active Input handling to Input System package in Player Settings.
UnityEngine.Input.get_mousePosition () (at <821db944395a4707baf43b2d273f0b00>:0)
UnityEngine.EventSystems.BaseInput.get_mousePosition () (at ./Library/PackageCache/com.unity.ugui@8ccc29d23a79/Runtime/UGUI/EventSystem/InputModules/BaseInput.cs:75)
UnityEngine.EventSystems.StandaloneInputModule.UpdateModule () (at ./Library/PackageCache/com.unity.ugui@8ccc29d23a79/Runtime/UGUI/EventSystem/InputModules/StandaloneInputModule.cs:175)
UnityEngine.EventSystems.EventSystem.TickModules () (at ./Library/PackageCache/com.unity.ugui@8ccc29d23a79/Runtime/UGUI/EventSystem/EventSystem.cs:460)
UnityEngine.EventSystems.EventSystem.Update () (at ./Library/PackageCache/com.unity.ugui@8ccc29d23a79/Runtime/UGUI/EventSystem/EventSystem.cs:480)

InvalidOperationException: You are trying to read Input using the UnityEngine.Input class, but you have switched active Input handling to Input System package in Player Settings.
UnityEngine.Input.get_mousePosition () (at <821db944395a4707baf43b2d273f0b00>:0)
UnityEngine.EventSystems.BaseInput.get_mousePosition () (at ./Library/PackageCache/com.unity.ugui@8ccc29d23a79/Runtime/UGUI/EventSystem/InputModules/BaseInput.cs:75)
UnityEngine.EventSystems.StandaloneInputModule.UpdateModule () (at ./Library/PackageCache/com.unity.ugui@8ccc29d23a79/Runtime/UGUI/EventSystem/InputModules/StandaloneInputModule.cs:175)
UnityEngine.EventSystems.EventSystem.TickModules () (at ./Library/PackageCache/com.unity.ugui@8ccc29d23a79/Runtime/UGUI/EventSystem/EventSystem.cs:460)
UnityEngine.EventSystems.EventSystem.Update () (at ./Library/PackageCache/com.unity.ugui@8ccc29d23a79/Runtime/UGUI/EventSystem/EventSystem.cs:480)

InvalidOperationException: You are trying to read Input using the UnityEngine.Input class, but you have switched active Input handling to Input System package in Player Settings.
UnityEngine.Input.get_mousePosition () (at <821db944395a4707baf43b2d273f0b00>:0)
UnityEngine.EventSystems.BaseInput.get_mousePosition () (at ./Library/PackageCache/com.unity.ugui@8ccc29d23a79/Runtime/UGUI/EventSystem/InputModules/BaseInput.cs:75)
UnityEngine.EventSystems.StandaloneInputModule.UpdateModule () (at ./Library/PackageCache/com.unity.ugui@8ccc29d23a79/Runtime/UGUI/EventSystem/InputModules/StandaloneInputModule.cs:175)
UnityEngine.EventSystems.EventSystem.TickModules () (at ./Library/PackageCache/com.unity.ugui@8ccc29d23a79/Runtime/UGUI/EventSystem/EventSystem.cs:460)
UnityEngine.EventSystems.EventSystem.Update () (at ./Library/PackageCache/com.unity.ugui@8ccc29d23a79/Runtime/UGUI/EventSystem/EventSystem.cs:480)

InvalidOperationException: You are trying to read Input using the UnityEngine.Input class, but you have switched active Input handling to Input System package in Player Settings.
UnityEngine.Input.get_mousePosition () (at <821db944395a4707baf43b2d273f0b00>:0)
UnityEngine.EventSystems.BaseInput.get_mousePosition () (at ./Library/PackageCache/com.unity.ugui@8ccc29d23a79/Runtime/UGUI/EventSystem/InputModules/BaseInput.cs:75)
UnityEngine.EventSystems.StandaloneInputModule.UpdateModule () (at ./Library/PackageCache/com.unity.ugui@8ccc29d23a79/Runtime/UGUI/EventSystem/InputModules/StandaloneInputModule.cs:175)
UnityEngine.EventSystems.EventSystem.TickModules () (at ./Library/PackageCache/com.unity.ugui@8ccc29d23a79/Runtime/UGUI/EventSystem/EventSystem.cs:460)
UnityEngine.EventSystems.EventSystem.Update () (at ./Library/PackageCache/com.unity.ugui@8ccc29d23a79/Runtime/UGUI/EventSystem/EventSystem.cs:480)

InvalidOperationException: You are trying to read Input using the UnityEngine.Input class, but you have switched active Input handling to Input System package in Player Settings.
UnityEngine.Input.get_mousePosition () (at <821db944395a4707baf43b2d273f0b00>:0)
UnityEngine.EventSystems.BaseInput.get_mousePosition () (at ./Library/PackageCache/com.unity.ugui@8ccc29d23a79/Runtime/UGUI/EventSystem/InputModules/BaseInput.cs:75)
UnityEngine.EventSystems.StandaloneInputModule.UpdateModule () (at ./Library/PackageCache/com.unity.ugui@8ccc29d23a79/Runtime/UGUI/EventSystem/InputModules/StandaloneInputModule.cs:175)
UnityEngine.EventSystems.EventSystem.TickModules () (at ./Library/PackageCache/com.unity.ugui@8ccc29d23a79/Runtime/UGUI/EventSystem/EventSystem.cs:460)
UnityEngine.EventSystems.EventSystem.Update () (at ./Library/PackageCache/com.unity.ugui@8ccc29d23a79/Runtime/UGUI/EventSystem/EventSystem.cs:480)

InvalidOperationException: You are trying to read Input using the UnityEngine.Input class, but you have switched active Input handling to Input System package in Player Settings.
UnityEngine.Input.get_mousePosition () (at <821db944395a4707baf43b2d273f0b00>:0)
UnityEngine.EventSystems.BaseInput.get_mousePosition () (at ./Library/PackageCache/com.unity.ugui@8ccc29d23a79/Runtime/UGUI/EventSystem/InputModules/BaseInput.cs:75)
UnityEngine.EventSystems.StandaloneInputModule.UpdateModule () (at ./Library/PackageCache/com.unity.ugui@8ccc29d23a79/Runtime/UGUI/EventSystem/InputModules/StandaloneInputModule.cs:175)
UnityEngine.EventSystems.EventSystem.TickModules () (at ./Library/PackageCache/com.unity.ugui@8ccc29d23a79/Runtime/UGUI/EventSystem/EventSystem.cs:460)
UnityEngine.EventSystems.EventSystem.Update () (at ./Library/PackageCache/com.unity.ugui@8ccc29d23a79/Runtime/UGUI/EventSystem/EventSystem.cs:480)

InvalidOperationException: You are trying to read Input using the UnityEngine.Input class, but you have switched active Input handling to Input System package in Player Settings.
UnityEngine.Input.get_mousePosition () (at <821db944395a4707baf43b2d273f0b00>:0)
UnityEngine.EventSystems.BaseInput.get_mousePosition () (at ./Library/PackageCache/com.unity.ugui@8ccc29d23a79/Runtime/UGUI/EventSystem/InputModules/BaseInput.cs:75)
UnityEngine.EventSystems.StandaloneInputModule.UpdateModule () (at ./Library/PackageCache/com.unity.ugui@8ccc29d23a79/Runtime/UGUI/EventSystem/InputModules/StandaloneInputModule.cs:175)
UnityEngine.EventSystems.EventSystem.TickModules () (at ./Library/PackageCache/com.unity.ugui@8ccc29d23a79/Runtime/UGUI/EventSystem/EventSystem.cs:460)
UnityEngine.EventSystems.EventSystem.Update () (at ./Library/PackageCache/com.unity.ugui@8ccc29d23a79/Runtime/UGUI/EventSystem/EventSystem.cs:480)

InvalidOperationException: You are trying to read Input using the UnityEngine.Input class, but you have switched active Input handling to Input System package in Player Settings.
UnityEngine.Input.get_mousePosition () (at <821db944395a4707baf43b2d273f0b00>:0)
UnityEngine.EventSystems.BaseInput.get_mousePosition () (at ./Library/PackageCache/com.unity.ugui@8ccc29d23a79/Runtime/UGUI/EventSystem/InputModules/BaseInput.cs:75)
UnityEngine.EventSystems.StandaloneInputModule.UpdateModule () (at ./Library/PackageCache/com.unity.ugui@8ccc29d23a79/Runtime/UGUI/EventSystem/InputModules/StandaloneInputModule.cs:175)
UnityEngine.EventSystems.EventSystem.TickModules () (at ./Library/PackageCache/com.unity.ugui@8ccc29d23a79/Runtime/UGUI/EventSystem/EventSystem.cs:460)
UnityEngine.EventSystems.EventSystem.Update () (at ./Library/PackageCache/com.unity.ugui@8ccc29d23a79/Runtime/UGUI/EventSystem/EventSystem.cs:480)

InvalidOperationException: You are trying to read Input using the UnityEngine.Input class, but you have switched active Input handling to Input System package in Player Settings.
UnityEngine.Input.get_mousePosition () (at <821db944395a4707baf43b2d273f0b00>:0)
UnityEngine.EventSystems.BaseInput.get_mousePosition () (at ./Library/PackageCache/com.unity.ugui@8ccc29d23a79/Runtime/UGUI/EventSystem/InputModules/BaseInput.cs:75)
UnityEngine.EventSystems.StandaloneInputModule.UpdateModule () (at ./Library/PackageCache/com.unity.ugui@8ccc29d23a79/Runtime/UGUI/EventSystem/InputModules/StandaloneInputModule.cs:175)
UnityEngine.EventSystems.EventSystem.TickModules () (at ./Library/PackageCache/com.unity.ugui@8ccc29d23a79/Runtime/UGUI/EventSystem/EventSystem.cs:460)
UnityEngine.EventSystems.EventSystem.Update () (at ./Library/PackageCache/com.unity.ugui@8ccc29d23a79/Runtime/UGUI/EventSystem/EventSystem.cs:480)

InvalidOperationException: You are trying to read Input using the UnityEngine.Input class, but you have switched active Input handling to Input System package in Player Settings.
UnityEngine.Input.get_mousePosition () (at <821db944395a4707baf43b2d273f0b00>:0)
UnityEngine.EventSystems.BaseInput.get_mousePosition () (at ./Library/PackageCache/com.unity.ugui@8ccc29d23a79/Runtime/UGUI/EventSystem/InputModules/BaseInput.cs:75)
UnityEngine.EventSystems.StandaloneInputModule.UpdateModule () (at ./Library/PackageCache/com.unity.ugui@8ccc29d23a79/Runtime/UGUI/EventSystem/InputModules/StandaloneInputModule.cs:175)
UnityEngine.EventSystems.EventSystem.TickModules () (at ./Library/PackageCache/com.unity.ugui@8ccc29d23a79/Runtime/UGUI/EventSystem/EventSystem.cs:460)
UnityEngine.EventSystems.EventSystem.Update () (at ./Library/PackageCache/com.unity.ugui@8ccc29d23a79/Runtime/UGUI/EventSystem/EventSystem.cs:480)

InvalidOperationException: You are trying to read Input using the UnityEngine.Input class, but you have switched active Input handling to Input System package in Player Settings.
UnityEngine.Input.get_mousePosition () (at <821db944395a4707baf43b2d273f0b00>:0)
UnityEngine.EventSystems.BaseInput.get_mousePosition () (at ./Library/PackageCache/com.unity.ugui@8ccc29d23a79/Runtime/UGUI/EventSystem/InputModules/BaseInput.cs:75)
UnityEngine.EventSystems.StandaloneInputModule.UpdateModule () (at ./Library/PackageCache/com.unity.ugui@8ccc29d23a79/Runtime/UGUI/EventSystem/InputModules/StandaloneInputModule.cs:175)
UnityEngine.EventSystems.EventSystem.TickModules () (at ./Library/PackageCache/com.unity.ugui@8ccc29d23a79/Runtime/UGUI/EventSystem/EventSystem.cs:460)
UnityEngine.EventSystems.EventSystem.Update () (at ./Library/PackageCache/com.unity.ugui@8ccc29d23a79/Runtime/UGUI/EventSystem/EventSystem.cs:480)

InvalidOperationException: You are trying to read Input using the UnityEngine.Input class, but you have switched active Input handling to Input System package in Player Settings.
UnityEngine.Input.get_mousePosition () (at <821db944395a4707baf43b2d273f0b00>:0)
UnityEngine.EventSystems.BaseInput.get_mousePosition () (at ./Library/PackageCache/com.unity.ugui@8ccc29d23a79/Runtime/UGUI/EventSystem/InputModules/BaseInput.cs:75)
UnityEngine.EventSystems.StandaloneInputModule.UpdateModule () (at ./Library/PackageCache/com.unity.ugui@8ccc29d23a79/Runtime/UGUI/EventSystem/InputModules/StandaloneInputModule.cs:175)
UnityEngine.EventSystems.EventSystem.TickModules () (at ./Library/PackageCache/com.unity.ugui@8ccc29d23a79/Runtime/UGUI/EventSystem/EventSystem.cs:460)
UnityEngine.EventSystems.EventSystem.Update () (at ./Library/PackageCache/com.unity.ugui@8ccc29d23a79/Runtime/UGUI/EventSystem/EventSystem.cs:480)

InvalidOperationException: You are trying to read Input using the UnityEngine.Input class, but you have switched active Input handling to Input System package in Player Settings.
UnityEngine.Input.get_mousePosition () (at <821db944395a4707baf43b2d273f0b00>:0)
UnityEngine.EventSystems.BaseInput.get_mousePosition () (at ./Library/PackageCache/com.unity.ugui@8ccc29d23a79/Runtime/UGUI/EventSystem/InputModules/BaseInput.cs:75)
UnityEngine.EventSystems.StandaloneInputModule.UpdateModule () (at ./Library/PackageCache/com.unity.ugui@8ccc29d23a79/Runtime/UGUI/EventSystem/InputModules/StandaloneInputModule.cs:175)
UnityEngine.EventSystems.EventSystem.TickModules () (at ./Library/PackageCache/com.unity.ugui@8ccc29d23a79/Runtime/UGUI/EventSystem/EventSystem.cs:460)
UnityEngine.EventSystems.EventSystem.Update () (at ./Library/PackageCache/com.unity.ugui@8ccc29d23a79/Runtime/UGUI/EventSystem/EventSystem.cs:480)

InvalidOperationException: You are trying to read Input using the UnityEngine.Input class, but you have switched active Input handling to Input System package in Player Settings.
UnityEngine.Input.get_mousePosition () (at <821db944395a4707baf43b2d273f0b00>:0)
UnityEngine.EventSystems.BaseInput.get_mousePosition () (at ./Library/PackageCache/com.unity.ugui@8ccc29d23a79/Runtime/UGUI/EventSystem/InputModules/BaseInput.cs:75)
UnityEngine.EventSystems.StandaloneInputModule.UpdateModule () (at ./Library/PackageCache/com.unity.ugui@8ccc29d23a79/Runtime/UGUI/EventSystem/InputModules/StandaloneInputModule.cs:175)
UnityEngine.EventSystems.EventSystem.TickModules () (at ./Library/PackageCache/com.unity.ugui@8ccc29d23a79/Runtime/UGUI/EventSystem/EventSystem.cs:460)
UnityEngine.EventSystems.EventSystem.Update () (at ./Library/PackageCache/com.unity.ugui@8ccc29d23a79/Runtime/UGUI/EventSystem/EventSystem.cs:480)

InvalidOperationException: You are trying to read Input using the UnityEngine.Input class, but you have switched active Input handling to Input System package in Player Settings.
UnityEngine.Input.get_mousePosition () (at <821db944395a4707baf43b2d273f0b00>:0)
UnityEngine.EventSystems.BaseInput.get_mousePosition () (at ./Library/PackageCache/com.unity.ugui@8ccc29d23a79/Runtime/UGUI/EventSystem/InputModules/BaseInput.cs:75)
UnityEngine.EventSystems.StandaloneInputModule.UpdateModule () (at ./Library/PackageCache/com.unity.ugui@8ccc29d23a79/Runtime/UGUI/EventSystem/InputModules/StandaloneInputModule.cs:175)
UnityEngine.EventSystems.EventSystem.TickModules () (at ./Library/PackageCache/com.unity.ugui@8ccc29d23a79/Runtime/UGUI/EventSystem/EventSystem.cs:460)
UnityEngine.EventSystems.EventSystem.Update () (at ./Library/PackageCache/com.unity.ugui@8ccc29d23a79/Runtime/UGUI/EventSystem/EventSystem.cs:480)

InvalidOperationException: You are trying to read Input using the UnityEngine.Input class, but you have switched active Input handling to Input System package in Player Settings.
UnityEngine.Input.get_mousePosition () (at <821db944395a4707baf43b2d273f0b00>:0)
UnityEngine.EventSystems.BaseInput.get_mousePosition () (at ./Library/PackageCache/com.unity.ugui@8ccc29d23a79/Runtime/UGUI/EventSystem/InputModules/BaseInput.cs:75)
UnityEngine.EventSystems.StandaloneInputModule.UpdateModule () (at ./Library/PackageCache/com.unity.ugui@8ccc29d23a79/Runtime/UGUI/EventSystem/InputModules/StandaloneInputModule.cs:175)
UnityEngine.EventSystems.EventSystem.TickModules () (at ./Library/PackageCache/com.unity.ugui@8ccc29d23a79/Runtime/UGUI/EventSystem/EventSystem.cs:460)
UnityEngine.EventSystems.EventSystem.Update () (at ./Library/PackageCache/com.unity.ugui@8ccc29d23a79/Runtime/UGUI/EventSystem/EventSystem.cs:480)

InvalidOperationException: You are trying to read Input using the UnityEngine.Input class, but you have switched active Input handling to Input System package in Player Settings.
UnityEngine.Input.get_mousePosition () (at <821db944395a4707baf43b2d273f0b00>:0)
UnityEngine.EventSystems.BaseInput.get_mousePosition () (at ./Library/PackageCache/com.unity.ugui@8ccc29d23a79/Runtime/UGUI/EventSystem/InputModules/BaseInput.cs:75)
UnityEngine.EventSystems.StandaloneInputModule.UpdateModule () (at ./Library/PackageCache/com.unity.ugui@8ccc29d23a79/Runtime/UGUI/EventSystem/InputModules/StandaloneInputModule.cs:175)
UnityEngine.EventSystems.EventSystem.TickModules () (at ./Library/PackageCache/com.unity.ugui@8ccc29d23a79/Runtime/UGUI/EventSystem/EventSystem.cs:460)
UnityEngine.EventSystems.EventSystem.Update () (at ./Library/PackageCache/com.unity.ugui@8ccc29d23a79/Runtime/UGUI/EventSystem/EventSystem.cs:480)

InvalidOperationException: You are trying to read Input using the UnityEngine.Input class, but you have switched active Input handling to Input System package in Player Settings.
UnityEngine.Input.get_mousePosition () (at <821db944395a4707baf43b2d273f0b00>:0)
UnityEngine.EventSystems.BaseInput.get_mousePosition () (at ./Library/PackageCache/com.unity.ugui@8ccc29d23a79/Runtime/UGUI/EventSystem/InputModules/BaseInput.cs:75)
UnityEngine.EventSystems.StandaloneInputModule.UpdateModule () (at ./Library/PackageCache/com.unity.ugui@8ccc29d23a79/Runtime/UGUI/EventSystem/InputModules/StandaloneInputModule.cs:175)
UnityEngine.EventSystems.EventSystem.TickModules () (at ./Library/PackageCache/com.unity.ugui@8ccc29d23a79/Runtime/UGUI/EventSystem/EventSystem.cs:460)
UnityEngine.EventSystems.EventSystem.Update () (at ./Library/PackageCache/com.unity.ugui@8ccc29d23a79/Runtime/UGUI/EventSystem/EventSystem.cs:480)

InvalidOperationException: You are trying to read Input using the UnityEngine.Input class, but you have switched active Input handling to Input System package in Player Settings.
UnityEngine.Input.get_mousePosition () (at <821db944395a4707baf43b2d273f0b00>:0)
UnityEngine.EventSystems.BaseInput.get_mousePosition () (at ./Library/PackageCache/com.unity.ugui@8ccc29d23a79/Runtime/UGUI/EventSystem/InputModules/BaseInput.cs:75)
UnityEngine.EventSystems.StandaloneInputModule.UpdateModule () (at ./Library/PackageCache/com.unity.ugui@8ccc29d23a79/Runtime/UGUI/EventSystem/InputModules/StandaloneInputModule.cs:175)
UnityEngine.EventSystems.EventSystem.TickModules () (at ./Library/PackageCache/com.unity.ugui@8ccc29d23a79/Runtime/UGUI/EventSystem/EventSystem.cs:460)
UnityEngine.EventSystems.EventSystem.Update () (at ./Library/PackageCache/com.unity.ugui@8ccc29d23a79/Runtime/UGUI/EventSystem/EventSystem.cs:480)

InvalidOperationException: You are trying to read Input using the UnityEngine.Input class, but you have switched active Input handling to Input System package in Player Settings.
UnityEngine.Input.get_mousePosition () (at <821db944395a4707baf43b2d273f0b00>:0)
UnityEngine.EventSystems.BaseInput.get_mousePosition () (at ./Library/PackageCache/com.unity.ugui@8ccc29d23a79/Runtime/UGUI/EventSystem/InputModules/BaseInput.cs:75)
UnityEngine.EventSystems.StandaloneInputModule.UpdateModule () (at ./Library/PackageCache/com.unity.ugui@8ccc29d23a79/Runtime/UGUI/EventSystem/InputModules/StandaloneInputModule.cs:175)
UnityEngine.EventSystems.EventSystem.TickModules () (at ./Library/PackageCache/com.unity.ugui@8ccc29d23a79/Runtime/UGUI/EventSystem/EventSystem.cs:460)
UnityEngine.EventSystems.EventSystem.Update () (at ./Library/PackageCache/com.unity.ugui@8ccc29d23a79/Runtime/UGUI/EventSystem/EventSystem.cs:480)

InvalidOperationException: You are trying to read Input using the UnityEngine.Input class, but you have switched active Input handling to Input System package in Player Settings.
UnityEngine.Input.get_mousePosition () (at <821db944395a4707baf43b2d273f0b00>:0)
UnityEngine.EventSystems.BaseInput.get_mousePosition () (at ./Library/PackageCache/com.unity.ugui@8ccc29d23a79/Runtime/UGUI/EventSystem/InputModules/BaseInput.cs:75)
UnityEngine.EventSystems.StandaloneInputModule.UpdateModule () (at ./Library/PackageCache/com.unity.ugui@8ccc29d23a79/Runtime/UGUI/EventSystem/InputModules/StandaloneInputModule.cs:175)
UnityEngine.EventSystems.EventSystem.TickModules () (at ./Library/PackageCache/com.unity.ugui@8ccc29d23a79/Runtime/UGUI/EventSystem/EventSystem.cs:460)
UnityEngine.EventSystems.EventSystem.Update () (at ./Library/PackageCache/com.unity.ugui@8ccc29d23a79/Runtime/UGUI/EventSystem/EventSystem.cs:480)

InvalidOperationException: You are trying to read Input using the UnityEngine.Input class, but you have switched active Input handling to Input System package in Player Settings.
UnityEngine.Input.get_mousePosition () (at <821db944395a4707baf43b2d273f0b00>:0)
UnityEngine.EventSystems.BaseInput.get_mousePosition () (at ./Library/PackageCache/com.unity.ugui@8ccc29d23a79/Runtime/UGUI/EventSystem/InputModules/BaseInput.cs:75)
UnityEngine.EventSystems.StandaloneInputModule.UpdateModule () (at ./Library/PackageCache/com.unity.ugui@8ccc29d23a79/Runtime/UGUI/EventSystem/InputModules/StandaloneInputModule.cs:175)
UnityEngine.EventSystems.EventSystem.TickModules () (at ./Library/PackageCache/com.unity.ugui@8ccc29d23a79/Runtime/UGUI/EventSystem/EventSystem.cs:460)
UnityEngine.EventSystems.EventSystem.Update () (at ./Library/PackageCache/com.unity.ugui@8ccc29d23a79/Runtime/UGUI/EventSystem/EventSystem.cs:480)

InvalidOperationException: You are trying to read Input using the UnityEngine.Input class, but you have switched active Input handling to Input System package in Player Settings.
UnityEngine.Input.get_mousePosition () (at <821db944395a4707baf43b2d273f0b00>:0)
UnityEngine.EventSystems.BaseInput.get_mousePosition () (at ./Library/PackageCache/com.unity.ugui@8ccc29d23a79/Runtime/UGUI/EventSystem/InputModules/BaseInput.cs:75)
UnityEngine.EventSystems.StandaloneInputModule.UpdateModule () (at ./Library/PackageCache/com.unity.ugui@8ccc29d23a79/Runtime/UGUI/EventSystem/InputModules/StandaloneInputModule.cs:175)
UnityEngine.EventSystems.EventSystem.TickModules () (at ./Library/PackageCache/com.unity.ugui@8ccc29d23a79/Runtime/UGUI/EventSystem/EventSystem.cs:460)
UnityEngine.EventSystems.EventSystem.Update () (at ./Library/PackageCache/com.unity.ugui@8ccc29d23a79/Runtime/UGUI/EventSystem/EventSystem.cs:480)

InvalidOperationException: You are trying to read Input using the UnityEngine.Input class, but you have switched active Input handling to Input System package in Player Settings.
UnityEngine.Input.get_mousePosition () (at <821db944395a4707baf43b2d273f0b00>:0)
UnityEngine.EventSystems.BaseInput.get_mousePosition () (at ./Library/PackageCache/com.unity.ugui@8ccc29d23a79/Runtime/UGUI/EventSystem/InputModules/BaseInput.cs:75)
UnityEngine.EventSystems.StandaloneInputModule.UpdateModule () (at ./Library/PackageCache/com.unity.ugui@8ccc29d23a79/Runtime/UGUI/EventSystem/InputModules/StandaloneInputModule.cs:175)
UnityEngine.EventSystems.EventSystem.TickModules () (at ./Library/PackageCache/com.unity.ugui@8ccc29d23a79/Runtime/UGUI/EventSystem/EventSystem.cs:460)
UnityEngine.EventSystems.EventSystem.Update () (at ./Library/PackageCache/com.unity.ugui@8ccc29d23a79/Runtime/UGUI/EventSystem/EventSystem.cs:480)

InvalidOperationException: You are trying to read Input using the UnityEngine.Input class, but you have switched active Input handling to Input System package in Player Settings.
UnityEngine.Input.get_mousePosition () (at <821db944395a4707baf43b2d273f0b00>:0)
UnityEngine.EventSystems.BaseInput.get_mousePosition () (at ./Library/PackageCache/com.unity.ugui@8ccc29d23a79/Runtime/UGUI/EventSystem/InputModules/BaseInput.cs:75)
UnityEngine.EventSystems.StandaloneInputModule.UpdateModule () (at ./Library/PackageCache/com.unity.ugui@8ccc29d23a79/Runtime/UGUI/EventSystem/InputModules/StandaloneInputModule.cs:175)
UnityEngine.EventSystems.EventSystem.TickModules () (at ./Library/PackageCache/com.unity.ugui@8ccc29d23a79/Runtime/UGUI/EventSystem/EventSystem.cs:460)
UnityEngine.EventSystems.EventSystem.Update () (at ./Library/PackageCache/com.unity.ugui@8ccc29d23a79/Runtime/UGUI/EventSystem/EventSystem.cs:480)

InvalidOperationException: You are trying to read Input using the UnityEngine.Input class, but you have switched active Input handling to Input System package in Player Settings.
UnityEngine.Input.get_mousePosition () (at <821db944395a4707baf43b2d273f0b00>:0)
UnityEngine.EventSystems.BaseInput.get_mousePosition () (at ./Library/PackageCache/com.unity.ugui@8ccc29d23a79/Runtime/UGUI/EventSystem/InputModules/BaseInput.cs:75)
UnityEngine.EventSystems.StandaloneInputModule.UpdateModule () (at ./Library/PackageCache/com.unity.ugui@8ccc29d23a79/Runtime/UGUI/EventSystem/InputModules/StandaloneInputModule.cs:175)
UnityEngine.EventSystems.EventSystem.TickModules () (at ./Library/PackageCache/com.unity.ugui@8ccc29d23a79/Runtime/UGUI/EventSystem/EventSystem.cs:460)
UnityEngine.EventSystems.EventSystem.Update () (at ./Library/PackageCache/com.unity.ugui@8ccc29d23a79/Runtime/UGUI/EventSystem/EventSystem.cs:480)

InvalidOperationException: You are trying to read Input using the UnityEngine.Input class, but you have switched active Input handling to Input System package in Player Settings.
UnityEngine.Input.get_mousePosition () (at <821db944395a4707baf43b2d273f0b00>:0)
UnityEngine.EventSystems.BaseInput.get_mousePosition () (at ./Library/PackageCache/com.unity.ugui@8ccc29d23a79/Runtime/UGUI/EventSystem/InputModules/BaseInput.cs:75)
UnityEngine.EventSystems.StandaloneInputModule.UpdateModule () (at ./Library/PackageCache/com.unity.ugui@8ccc29d23a79/Runtime/UGUI/EventSystem/InputModules/StandaloneInputModule.cs:175)
UnityEngine.EventSystems.EventSystem.TickModules () (at ./Library/PackageCache/com.unity.ugui@8ccc29d23a79/Runtime/UGUI/EventSystem/EventSystem.cs:460)
UnityEngine.EventSystems.EventSystem.Update () (at ./Library/PackageCache/com.unity.ugui@8ccc29d23a79/Runtime/UGUI/EventSystem/EventSystem.cs:480)

InvalidOperationException: You are trying to read Input using the UnityEngine.Input class, but you have switched active Input handling to Input System package in Player Settings.
UnityEngine.Input.get_mousePosition () (at <821db944395a4707baf43b2d273f0b00>:0)
UnityEngine.EventSystems.BaseInput.get_mousePosition () (at ./Library/PackageCache/com.unity.ugui@8ccc29d23a79/Runtime/UGUI/EventSystem/InputModules/BaseInput.cs:75)
UnityEngine.EventSystems.StandaloneInputModule.UpdateModule () (at ./Library/PackageCache/com.unity.ugui@8ccc29d23a79/Runtime/UGUI/EventSystem/InputModules/StandaloneInputModule.cs:175)
UnityEngine.EventSystems.EventSystem.TickModules () (at ./Library/PackageCache/com.unity.ugui@8ccc29d23a79/Runtime/UGUI/EventSystem/EventSystem.cs:460)
UnityEngine.EventSystems.EventSystem.Update () (at ./Library/PackageCache/com.unity.ugui@8ccc29d23a79/Runtime/UGUI/EventSystem/EventSystem.cs:480)

InvalidOperationException: You are trying to read Input using the UnityEngine.Input class, but you have switched active Input handling to Input System package in Player Settings.
UnityEngine.Input.get_mousePosition () (at <821db944395a4707baf43b2d273f0b00>:0)
UnityEngine.EventSystems.BaseInput.get_mousePosition () (at ./Library/PackageCache/com.unity.ugui@8ccc29d23a79/Runtime/UGUI/EventSystem/InputModules/BaseInput.cs:75)
UnityEngine.EventSystems.StandaloneInputModule.UpdateModule () (at ./Library/PackageCache/com.unity.ugui@8ccc29d23a79/Runtime/UGUI/EventSystem/InputModules/StandaloneInputModule.cs:175)
UnityEngine.EventSystems.EventSystem.TickModules () (at ./Library/PackageCache/com.unity.ugui@8ccc29d23a79/Runtime/UGUI/EventSystem/EventSystem.cs:460)
UnityEngine.EventSystems.EventSystem.Update () (at ./Library/PackageCache/com.unity.ugui@8ccc29d23a79/Runtime/UGUI/EventSystem/EventSystem.cs:480)

InvalidOperationException: You are trying to read Input using the UnityEngine.Input class, but you have switched active Input handling to Input System package in Player Settings.
UnityEngine.Input.get_mousePosition () (at <821db944395a4707baf43b2d273f0b00>:0)
UnityEngine.EventSystems.BaseInput.get_mousePosition () (at ./Library/PackageCache/com.unity.ugui@8ccc29d23a79/Runtime/UGUI/EventSystem/InputModules/BaseInput.cs:75)
UnityEngine.EventSystems.StandaloneInputModule.UpdateModule () (at ./Library/PackageCache/com.unity.ugui@8ccc29d23a79/Runtime/UGUI/EventSystem/InputModules/StandaloneInputModule.cs:175)
UnityEngine.EventSystems.EventSystem.TickModules () (at ./Library/PackageCache/com.unity.ugui@8ccc29d23a79/Runtime/UGUI/EventSystem/EventSystem.cs:460)
UnityEngine.EventSystems.EventSystem.Update () (at ./Library/PackageCache/com.unity.ugui@8ccc29d23a79/Runtime/UGUI/EventSystem/EventSystem.cs:480)

InvalidOperationException: You are trying to read Input using the UnityEngine.Input class, but you have switched active Input handling to Input System package in Player Settings.
UnityEngine.Input.get_mousePosition () (at <821db944395a4707baf43b2d273f0b00>:0)
UnityEngine.EventSystems.BaseInput.get_mousePosition () (at ./Library/PackageCache/com.unity.ugui@8ccc29d23a79/Runtime/UGUI/EventSystem/InputModules/BaseInput.cs:75)
UnityEngine.EventSystems.StandaloneInputModule.UpdateModule () (at ./Library/PackageCache/com.unity.ugui@8ccc29d23a79/Runtime/UGUI/EventSystem/InputModules/StandaloneInputModule.cs:175)
UnityEngine.EventSystems.EventSystem.TickModules () (at ./Library/PackageCache/com.unity.ugui@8ccc29d23a79/Runtime/UGUI/EventSystem/EventSystem.cs:460)
UnityEngine.EventSystems.EventSystem.Update () (at ./Library/PackageCache/com.unity.ugui@8ccc29d23a79/Runtime/UGUI/EventSystem/EventSystem.cs:480)

InvalidOperationException: You are trying to read Input using the UnityEngine.Input class, but you have switched active Input handling to Input System package in Player Settings.
UnityEngine.Input.get_mousePosition () (at <821db944395a4707baf43b2d273f0b00>:0)
UnityEngine.EventSystems.BaseInput.get_mousePosition () (at ./Library/PackageCache/com.unity.ugui@8ccc29d23a79/Runtime/UGUI/EventSystem/InputModules/BaseInput.cs:75)
UnityEngine.EventSystems.StandaloneInputModule.UpdateModule () (at ./Library/PackageCache/com.unity.ugui@8ccc29d23a79/Runtime/UGUI/EventSystem/InputModules/StandaloneInputModule.cs:175)
UnityEngine.EventSystems.EventSystem.TickModules () (at ./Library/PackageCache/com.unity.ugui@8ccc29d23a79/Runtime/UGUI/EventSystem/EventSystem.cs:460)
UnityEngine.EventSystems.EventSystem.Update () (at ./Library/PackageCache/com.unity.ugui@8ccc29d23a79/Runtime/UGUI/EventSystem/EventSystem.cs:480)

InvalidOperationException: You are trying to read Input using the UnityEngine.Input class, but you have switched active Input handling to Input System package in Player Settings.
UnityEngine.Input.get_mousePosition () (at <821db944395a4707baf43b2d273f0b00>:0)
UnityEngine.EventSystems.BaseInput.get_mousePosition () (at ./Library/PackageCache/com.unity.ugui@8ccc29d23a79/Runtime/UGUI/EventSystem/InputModules/BaseInput.cs:75)
UnityEngine.EventSystems.StandaloneInputModule.UpdateModule () (at ./Library/PackageCache/com.unity.ugui@8ccc29d23a79/Runtime/UGUI/EventSystem/InputModules/StandaloneInputModule.cs:175)
UnityEngine.EventSystems.EventSystem.TickModules () (at ./Library/PackageCache/com.unity.ugui@8ccc29d23a79/Runtime/UGUI/EventSystem/EventSystem.cs:460)
UnityEngine.EventSystems.EventSystem.Update () (at ./Library/PackageCache/com.unity.ugui@8ccc29d23a79/Runtime/UGUI/EventSystem/EventSystem.cs:480)

InvalidOperationException: You are trying to read Input using the UnityEngine.Input class, but you have switched active Input handling to Input System package in Player Settings.
UnityEngine.Input.get_mousePosition () (at <821db944395a4707baf43b2d273f0b00>:0)
UnityEngine.EventSystems.BaseInput.get_mousePosition () (at ./Library/PackageCache/com.unity.ugui@8ccc29d23a79/Runtime/UGUI/EventSystem/InputModules/BaseInput.cs:75)
UnityEngine.EventSystems.StandaloneInputModule.UpdateModule () (at ./Library/PackageCache/com.unity.ugui@8ccc29d23a79/Runtime/UGUI/EventSystem/InputModules/StandaloneInputModule.cs:175)
UnityEngine.EventSystems.EventSystem.TickModules () (at ./Library/PackageCache/com.unity.ugui@8ccc29d23a79/Runtime/UGUI/EventSystem/EventSystem.cs:460)
UnityEngine.EventSystems.EventSystem.Update () (at ./Library/PackageCache/com.unity.ugui@8ccc29d23a79/Runtime/UGUI/EventSystem/EventSystem.cs:480)

InvalidOperationException: You are trying to read Input using the UnityEngine.Input class, but you have switched active Input handling to Input System package in Player Settings.
UnityEngine.Input.get_mousePosition () (at <821db944395a4707baf43b2d273f0b00>:0)
UnityEngine.EventSystems.BaseInput.get_mousePosition () (at ./Library/PackageCache/com.unity.ugui@8ccc29d23a79/Runtime/UGUI/EventSystem/InputModules/BaseInput.cs:75)
UnityEngine.EventSystems.StandaloneInputModule.UpdateModule () (at ./Library/PackageCache/com.unity.ugui@8ccc29d23a79/Runtime/UGUI/EventSystem/InputModules/StandaloneInputModule.cs:175)
UnityEngine.EventSystems.EventSystem.TickModules () (at ./Library/PackageCache/com.unity.ugui@8ccc29d23a79/Runtime/UGUI/EventSystem/EventSystem.cs:460)
UnityEngine.EventSystems.EventSystem.Update () (at ./Library/PackageCache/com.unity.ugui@8ccc29d23a79/Runtime/UGUI/EventSystem/EventSystem.cs:480)

InvalidOperationException: You are trying to read Input using the UnityEngine.Input class, but you have switched active Input handling to Input System package in Player Settings.
UnityEngine.Input.get_mousePosition () (at <821db944395a4707baf43b2d273f0b00>:0)
UnityEngine.EventSystems.BaseInput.get_mousePosition () (at ./Library/PackageCache/com.unity.ugui@8ccc29d23a79/Runtime/UGUI/EventSystem/InputModules/BaseInput.cs:75)
UnityEngine.EventSystems.StandaloneInputModule.UpdateModule () (at ./Library/PackageCache/com.unity.ugui@8ccc29d23a79/Runtime/UGUI/EventSystem/InputModules/StandaloneInputModule.cs:175)
UnityEngine.EventSystems.EventSystem.TickModules () (at ./Library/PackageCache/com.unity.ugui@8ccc29d23a79/Runtime/UGUI/EventSystem/EventSystem.cs:460)
UnityEngine.EventSystems.EventSystem.Update () (at ./Library/PackageCache/com.unity.ugui@8ccc29d23a79/Runtime/UGUI/EventSystem/EventSystem.cs:480)

InvalidOperationException: You are trying to read Input using the UnityEngine.Input class, but you have switched active Input handling to Input System package in Player Settings.
UnityEngine.Input.get_mousePosition () (at <821db944395a4707baf43b2d273f0b00>:0)
UnityEngine.EventSystems.BaseInput.get_mousePosition () (at ./Library/PackageCache/com.unity.ugui@8ccc29d23a79/Runtime/UGUI/EventSystem/InputModules/BaseInput.cs:75)
UnityEngine.EventSystems.StandaloneInputModule.UpdateModule () (at ./Library/PackageCache/com.unity.ugui@8ccc29d23a79/Runtime/UGUI/EventSystem/InputModules/StandaloneInputModule.cs:175)
UnityEngine.EventSystems.EventSystem.TickModules () (at ./Library/PackageCache/com.unity.ugui@8ccc29d23a79/Runtime/UGUI/EventSystem/EventSystem.cs:460)
UnityEngine.EventSystems.EventSystem.Update () (at ./Library/PackageCache/com.unity.ugui@8ccc29d23a79/Runtime/UGUI/EventSystem/EventSystem.cs:480)

InvalidOperationException: You are trying to read Input using the UnityEngine.Input class, but you have switched active Input handling to Input System package in Player Settings.
UnityEngine.Input.get_mousePosition () (at <821db944395a4707baf43b2d273f0b00>:0)
UnityEngine.EventSystems.BaseInput.get_mousePosition () (at ./Library/PackageCache/com.unity.ugui@8ccc29d23a79/Runtime/UGUI/EventSystem/InputModules/BaseInput.cs:75)
UnityEngine.EventSystems.StandaloneInputModule.UpdateModule () (at ./Library/PackageCache/com.unity.ugui@8ccc29d23a79/Runtime/UGUI/EventSystem/InputModules/StandaloneInputModule.cs:175)
UnityEngine.EventSystems.EventSystem.TickModules () (at ./Library/PackageCache/com.unity.ugui@8ccc29d23a79/Runtime/UGUI/EventSystem/EventSystem.cs:460)
UnityEngine.EventSystems.EventSystem.Update () (at ./Library/PackageCache/com.unity.ugui@8ccc29d23a79/Runtime/UGUI/EventSystem/EventSystem.cs:480)

InvalidOperationException: You are trying to read Input using the UnityEngine.Input class, but you have switched active Input handling to Input System package in Player Settings.
UnityEngine.Input.get_mousePosition () (at <821db944395a4707baf43b2d273f0b00>:0)
UnityEngine.EventSystems.BaseInput.get_mousePosition () (at ./Library/PackageCache/com.unity.ugui@8ccc29d23a79/Runtime/UGUI/EventSystem/InputModules/BaseInput.cs:75)
UnityEngine.EventSystems.StandaloneInputModule.UpdateModule () (at ./Library/PackageCache/com.unity.ugui@8ccc29d23a79/Runtime/UGUI/EventSystem/InputModules/StandaloneInputModule.cs:175)
UnityEngine.EventSystems.EventSystem.TickModules () (at ./Library/PackageCache/com.unity.ugui@8ccc29d23a79/Runtime/UGUI/EventSystem/EventSystem.cs:460)
UnityEngine.EventSystems.EventSystem.Update () (at ./Library/PackageCache/com.unity.ugui@8ccc29d23a79/Runtime/UGUI/EventSystem/EventSystem.cs:480)

InvalidOperationException: You are trying to read Input using the UnityEngine.Input class, but you have switched active Input handling to Input System package in Player Settings.
UnityEngine.Input.get_mousePosition () (at <821db944395a4707baf43b2d273f0b00>:0)
UnityEngine.EventSystems.BaseInput.get_mousePosition () (at ./Library/PackageCache/com.unity.ugui@8ccc29d23a79/Runtime/UGUI/EventSystem/InputModules/BaseInput.cs:75)
UnityEngine.EventSystems.StandaloneInputModule.UpdateModule () (at ./Library/PackageCache/com.unity.ugui@8ccc29d23a79/Runtime/UGUI/EventSystem/InputModules/StandaloneInputModule.cs:175)
UnityEngine.EventSystems.EventSystem.TickModules () (at ./Library/PackageCache/com.unity.ugui@8ccc29d23a79/Runtime/UGUI/EventSystem/EventSystem.cs:460)
UnityEngine.EventSystems.EventSystem.Update () (at ./Library/PackageCache/com.unity.ugui@8ccc29d23a79/Runtime/UGUI/EventSystem/EventSystem.cs:480)

InvalidOperationException: You are trying to read Input using the UnityEngine.Input class, but you have switched active Input handling to Input System package in Player Settings.
UnityEngine.Input.get_mousePosition () (at <821db944395a4707baf43b2d273f0b00>:0)
UnityEngine.EventSystems.BaseInput.get_mousePosition () (at ./Library/PackageCache/com.unity.ugui@8ccc29d23a79/Runtime/UGUI/EventSystem/InputModules/BaseInput.cs:75)
UnityEngine.EventSystems.StandaloneInputModule.UpdateModule () (at ./Library/PackageCache/com.unity.ugui@8ccc29d23a79/Runtime/UGUI/EventSystem/InputModules/StandaloneInputModule.cs:175)
UnityEngine.EventSystems.EventSystem.TickModules () (at ./Library/PackageCache/com.unity.ugui@8ccc29d23a79/Runtime/UGUI/EventSystem/EventSystem.cs:460)
UnityEngine.EventSystems.EventSystem.Update () (at ./Library/PackageCache/com.unity.ugui@8ccc29d23a79/Runtime/UGUI/EventSystem/EventSystem.cs:480)

InvalidOperationException: You are trying to read Input using the UnityEngine.Input class, but you have switched active Input handling to Input System package in Player Settings.
UnityEngine.Input.get_mousePosition () (at <821db944395a4707baf43b2d273f0b00>:0)
UnityEngine.EventSystems.BaseInput.get_mousePosition () (at ./Library/PackageCache/com.unity.ugui@8ccc29d23a79/Runtime/UGUI/EventSystem/InputModules/BaseInput.cs:75)
UnityEngine.EventSystems.StandaloneInputModule.UpdateModule () (at ./Library/PackageCache/com.unity.ugui@8ccc29d23a79/Runtime/UGUI/EventSystem/InputModules/StandaloneInputModule.cs:175)
UnityEngine.EventSystems.EventSystem.TickModules () (at ./Library/PackageCache/com.unity.ugui@8ccc29d23a79/Runtime/UGUI/EventSystem/EventSystem.cs:460)
UnityEngine.EventSystems.EventSystem.Update () (at ./Library/PackageCache/com.unity.ugui@8ccc29d23a79/Runtime/UGUI/EventSystem/EventSystem.cs:480)

InvalidOperationException: You are trying to read Input using the UnityEngine.Input class, but you have switched active Input handling to Input System package in Player Settings.
UnityEngine.Input.get_mousePosition () (at <821db944395a4707baf43b2d273f0b00>:0)
UnityEngine.EventSystems.BaseInput.get_mousePosition () (at ./Library/PackageCache/com.unity.ugui@8ccc29d23a79/Runtime/UGUI/EventSystem/InputModules/BaseInput.cs:75)
UnityEngine.EventSystems.StandaloneInputModule.UpdateModule () (at ./Library/PackageCache/com.unity.ugui@8ccc29d23a79/Runtime/UGUI/EventSystem/InputModules/StandaloneInputModule.cs:175)
UnityEngine.EventSystems.EventSystem.TickModules () (at ./Library/PackageCache/com.unity.ugui@8ccc29d23a79/Runtime/UGUI/EventSystem/EventSystem.cs:460)
UnityEngine.EventSystems.EventSystem.Update () (at ./Library/PackageCache/com.unity.ugui@8ccc29d23a79/Runtime/UGUI/EventSystem/EventSystem.cs:480)

InvalidOperationException: You are trying to read Input using the UnityEngine.Input class, but you have switched active Input handling to Input System package in Player Settings.
UnityEngine.Input.get_mousePosition () (at <821db944395a4707baf43b2d273f0b00>:0)
UnityEngine.EventSystems.BaseInput.get_mousePosition () (at ./Library/PackageCache/com.unity.ugui@8ccc29d23a79/Runtime/UGUI/EventSystem/InputModules/BaseInput.cs:75)
UnityEngine.EventSystems.StandaloneInputModule.UpdateModule () (at ./Library/PackageCache/com.unity.ugui@8ccc29d23a79/Runtime/UGUI/EventSystem/InputModules/StandaloneInputModule.cs:175)
UnityEngine.EventSystems.EventSystem.TickModules () (at ./Library/PackageCache/com.unity.ugui@8ccc29d23a79/Runtime/UGUI/EventSystem/EventSystem.cs:460)
UnityEngine.EventSystems.EventSystem.Update () (at ./Library/PackageCache/com.unity.ugui@8ccc29d23a79/Runtime/UGUI/EventSystem/EventSystem.cs:480)

InvalidOperationException: You are trying to read Input using the UnityEngine.Input class, but you have switched active Input handling to Input System package in Player Settings.
UnityEngine.Input.get_mousePosition () (at <821db944395a4707baf43b2d273f0b00>:0)
UnityEngine.EventSystems.BaseInput.get_mousePosition () (at ./Library/PackageCache/com.unity.ugui@8ccc29d23a79/Runtime/UGUI/EventSystem/InputModules/BaseInput.cs:75)
UnityEngine.EventSystems.StandaloneInputModule.UpdateModule () (at ./Library/PackageCache/com.unity.ugui@8ccc29d23a79/Runtime/UGUI/EventSystem/InputModules/StandaloneInputModule.cs:175)
UnityEngine.EventSystems.EventSystem.TickModules () (at ./Library/PackageCache/com.unity.ugui@8ccc29d23a79/Runtime/UGUI/EventSystem/EventSystem.cs:460)
UnityEngine.EventSystems.EventSystem.Update () (at ./Library/PackageCache/com.unity.ugui@8ccc29d23a79/Runtime/UGUI/EventSystem/EventSystem.cs:480)

InvalidOperationException: You are trying to read Input using the UnityEngine.Input class, but you have switched active Input handling to Input System package in Player Settings.
UnityEngine.Input.get_mousePosition () (at <821db944395a4707baf43b2d273f0b00>:0)
UnityEngine.EventSystems.BaseInput.get_mousePosition () (at ./Library/PackageCache/com.unity.ugui@8ccc29d23a79/Runtime/UGUI/EventSystem/InputModules/BaseInput.cs:75)
UnityEngine.EventSystems.StandaloneInputModule.UpdateModule () (at ./Library/PackageCache/com.unity.ugui@8ccc29d23a79/Runtime/UGUI/EventSystem/InputModules/StandaloneInputModule.cs:175)
UnityEngine.EventSystems.EventSystem.TickModules () (at ./Library/PackageCache/com.unity.ugui@8ccc29d23a79/Runtime/UGUI/EventSystem/EventSystem.cs:460)
UnityEngine.EventSystems.EventSystem.Update () (at ./Library/PackageCache/com.unity.ugui@8ccc29d23a79/Runtime/UGUI/EventSystem/EventSystem.cs:480)

InvalidOperationException: You are trying to read Input using the UnityEngine.Input class, but you have switched active Input handling to Input System package in Player Settings.
UnityEngine.Input.get_mousePosition () (at <821db944395a4707baf43b2d273f0b00>:0)
UnityEngine.EventSystems.BaseInput.get_mousePosition () (at ./Library/PackageCache/com.unity.ugui@8ccc29d23a79/Runtime/UGUI/EventSystem/InputModules/BaseInput.cs:75)
UnityEngine.EventSystems.StandaloneInputModule.UpdateModule () (at ./Library/PackageCache/com.unity.ugui@8ccc29d23a79/Runtime/UGUI/EventSystem/InputModules/StandaloneInputModule.cs:175)
UnityEngine.EventSystems.EventSystem.TickModules () (at ./Library/PackageCache/com.unity.ugui@8ccc29d23a79/Runtime/UGUI/EventSystem/EventSystem.cs:460)
UnityEngine.EventSystems.EventSystem.Update () (at ./Library/PackageCache/com.unity.ugui@8ccc29d23a79/Runtime/UGUI/EventSystem/EventSystem.cs:480)

InvalidOperationException: You are trying to read Input using the UnityEngine.Input class, but you have switched active Input handling to Input System package in Player Settings.
UnityEngine.Input.get_mousePosition () (at <821db944395a4707baf43b2d273f0b00>:0)
UnityEngine.EventSystems.BaseInput.get_mousePosition () (at ./Library/PackageCache/com.unity.ugui@8ccc29d23a79/Runtime/UGUI/EventSystem/InputModules/BaseInput.cs:75)
UnityEngine.EventSystems.StandaloneInputModule.UpdateModule () (at ./Library/PackageCache/com.unity.ugui@8ccc29d23a79/Runtime/UGUI/EventSystem/InputModules/StandaloneInputModule.cs:175)
UnityEngine.EventSystems.EventSystem.TickModules () (at ./Library/PackageCache/com.unity.ugui@8ccc29d23a79/Runtime/UGUI/EventSystem/EventSystem.cs:460)
UnityEngine.EventSystems.EventSystem.Update () (at ./Library/PackageCache/com.unity.ugui@8ccc29d23a79/Runtime/UGUI/EventSystem/EventSystem.cs:480)

InvalidOperationException: You are trying to read Input using the UnityEngine.Input class, but you have switched active Input handling to Input System package in Player Settings.
UnityEngine.Input.get_mousePosition () (at <821db944395a4707baf43b2d273f0b00>:0)
UnityEngine.EventSystems.BaseInput.get_mousePosition () (at ./Library/PackageCache/com.unity.ugui@8ccc29d23a79/Runtime/UGUI/EventSystem/InputModules/BaseInput.cs:75)
UnityEngine.EventSystems.StandaloneInputModule.UpdateModule () (at ./Library/PackageCache/com.unity.ugui@8ccc29d23a79/Runtime/UGUI/EventSystem/InputModules/StandaloneInputModule.cs:175)
UnityEngine.EventSystems.EventSystem.TickModules () (at ./Library/PackageCache/com.unity.ugui@8ccc29d23a79/Runtime/UGUI/EventSystem/EventSystem.cs:460)
UnityEngine.EventSystems.EventSystem.Update () (at ./Library/PackageCache/com.unity.ugui@8ccc29d23a79/Runtime/UGUI/EventSystem/EventSystem.cs:480)

InvalidOperationException: You are trying to read Input using the UnityEngine.Input class, but you have switched active Input handling to Input System package in Player Settings.
UnityEngine.Input.get_mousePosition () (at <821db944395a4707baf43b2d273f0b00>:0)
UnityEngine.EventSystems.BaseInput.get_mousePosition () (at ./Library/PackageCache/com.unity.ugui@8ccc29d23a79/Runtime/UGUI/EventSystem/InputModules/BaseInput.cs:75)
UnityEngine.EventSystems.StandaloneInputModule.UpdateModule () (at ./Library/PackageCache/com.unity.ugui@8ccc29d23a79/Runtime/UGUI/EventSystem/InputModules/StandaloneInputModule.cs:175)
UnityEngine.EventSystems.EventSystem.TickModules () (at ./Library/PackageCache/com.unity.ugui@8ccc29d23a79/Runtime/UGUI/EventSystem/EventSystem.cs:460)
UnityEngine.EventSystems.EventSystem.Update () (at ./Library/PackageCache/com.unity.ugui@8ccc29d23a79/Runtime/UGUI/EventSystem/EventSystem.cs:480)

InvalidOperationException: You are trying to read Input using the UnityEngine.Input class, but you have switched active Input handling to Input System package in Player Settings.
UnityEngine.Input.get_mousePosition () (at <821db944395a4707baf43b2d273f0b00>:0)
UnityEngine.EventSystems.BaseInput.get_mousePosition () (at ./Library/PackageCache/com.unity.ugui@8ccc29d23a79/Runtime/UGUI/EventSystem/InputModules/BaseInput.cs:75)
UnityEngine.EventSystems.StandaloneInputModule.UpdateModule () (at ./Library/PackageCache/com.unity.ugui@8ccc29d23a79/Runtime/UGUI/EventSystem/InputModules/StandaloneInputModule.cs:175)
UnityEngine.EventSystems.EventSystem.TickModules () (at ./Library/PackageCache/com.unity.ugui@8ccc29d23a79/Runtime/UGUI/EventSystem/EventSystem.cs:460)
UnityEngine.EventSystems.EventSystem.Update () (at ./Library/PackageCache/com.unity.ugui@8ccc29d23a79/Runtime/UGUI/EventSystem/EventSystem.cs:480)

InvalidOperationException: You are trying to read Input using the UnityEngine.Input class, but you have switched active Input handling to Input System package in Player Settings.
UnityEngine.Input.get_mousePosition () (at <821db944395a4707baf43b2d273f0b00>:0)
UnityEngine.EventSystems.BaseInput.get_mousePosition () (at ./Library/PackageCache/com.unity.ugui@8ccc29d23a79/Runtime/UGUI/EventSystem/InputModules/BaseInput.cs:75)
UnityEngine.EventSystems.StandaloneInputModule.UpdateModule () (at ./Library/PackageCache/com.unity.ugui@8ccc29d23a79/Runtime/UGUI/EventSystem/InputModules/StandaloneInputModule.cs:175)
UnityEngine.EventSystems.EventSystem.TickModules () (at ./Library/PackageCache/com.unity.ugui@8ccc29d23a79/Runtime/UGUI/EventSystem/EventSystem.cs:460)
UnityEngine.EventSystems.EventSystem.Update () (at ./Library/PackageCache/com.unity.ugui@8ccc29d23a79/Runtime/UGUI/EventSystem/EventSystem.cs:480)

InvalidOperationException: You are trying to read Input using the UnityEngine.Input class, but you have switched active Input handling to Input System package in Player Settings.
UnityEngine.Input.get_mousePosition () (at <821db944395a4707baf43b2d273f0b00>:0)
UnityEngine.EventSystems.BaseInput.get_mousePosition () (at ./Library/PackageCache/com.unity.ugui@8ccc29d23a79/Runtime/UGUI/EventSystem/InputModules/BaseInput.cs:75)
UnityEngine.EventSystems.StandaloneInputModule.UpdateModule () (at ./Library/PackageCache/com.unity.ugui@8ccc29d23a79/Runtime/UGUI/EventSystem/InputModules/StandaloneInputModule.cs:175)
UnityEngine.EventSystems.EventSystem.TickModules () (at ./Library/PackageCache/com.unity.ugui@8ccc29d23a79/Runtime/UGUI/EventSystem/EventSystem.cs:460)
UnityEngine.EventSystems.EventSystem.Update () (at ./Library/PackageCache/com.unity.ugui@8ccc29d23a79/Runtime/UGUI/EventSystem/EventSystem.cs:480)

InvalidOperationException: You are trying to read Input using the UnityEngine.Input class, but you have switched active Input handling to Input System package in Player Settings.
UnityEngine.Input.get_mousePosition () (at <821db944395a4707baf43b2d273f0b00>:0)
UnityEngine.EventSystems.BaseInput.get_mousePosition () (at ./Library/PackageCache/com.unity.ugui@8ccc29d23a79/Runtime/UGUI/EventSystem/InputModules/BaseInput.cs:75)
UnityEngine.EventSystems.StandaloneInputModule.UpdateModule () (at ./Library/PackageCache/com.unity.ugui@8ccc29d23a79/Runtime/UGUI/EventSystem/InputModules/StandaloneInputModule.cs:175)
UnityEngine.EventSystems.EventSystem.TickModules () (at ./Library/PackageCache/com.unity.ugui@8ccc29d23a79/Runtime/UGUI/EventSystem/EventSystem.cs:460)
UnityEngine.EventSystems.EventSystem.Update () (at ./Library/PackageCache/com.unity.ugui@8ccc29d23a79/Runtime/UGUI/EventSystem/EventSystem.cs:480)

InvalidOperationException: You are trying to read Input using the UnityEngine.Input class, but you have switched active Input handling to Input System package in Player Settings.
UnityEngine.Input.get_mousePosition () (at <821db944395a4707baf43b2d273f0b00>:0)
UnityEngine.EventSystems.BaseInput.get_mousePosition () (at ./Library/PackageCache/com.unity.ugui@8ccc29d23a79/Runtime/UGUI/EventSystem/InputModules/BaseInput.cs:75)
UnityEngine.EventSystems.StandaloneInputModule.UpdateModule () (at ./Library/PackageCache/com.unity.ugui@8ccc29d23a79/Runtime/UGUI/EventSystem/InputModules/StandaloneInputModule.cs:175)
UnityEngine.EventSystems.EventSystem.TickModules () (at ./Library/PackageCache/com.unity.ugui@8ccc29d23a79/Runtime/UGUI/EventSystem/EventSystem.cs:460)
UnityEngine.EventSystems.EventSystem.Update () (at ./Library/PackageCache/com.unity.ugui@8ccc29d23a79/Runtime/UGUI/EventSystem/EventSystem.cs:480)

InvalidOperationException: You are trying to read Input using the UnityEngine.Input class, but you have switched active Input handling to Input System package in Player Settings.
UnityEngine.Input.get_mousePosition () (at <821db944395a4707baf43b2d273f0b00>:0)
UnityEngine.EventSystems.BaseInput.get_mousePosition () (at ./Library/PackageCache/com.unity.ugui@8ccc29d23a79/Runtime/UGUI/EventSystem/InputModules/BaseInput.cs:75)
UnityEngine.EventSystems.StandaloneInputModule.UpdateModule () (at ./Library/PackageCache/com.unity.ugui@8ccc29d23a79/Runtime/UGUI/EventSystem/InputModules/StandaloneInputModule.cs:175)
[...]
UnityEngine.EventSystems.EventSystem.TickModules () (at ./Library/PackageCache/com.unity.ugui@8ccc29d23a79/Runtime/UGUI/EventSystem/EventSystem.cs:460)
UnityEngine.EventSystems.EventSystem.Update () (at ./Library/PackageCache/com.unity.ugui@8ccc29d23a79/Runtime/UGUI/EventSystem/EventSystem.cs:480)

InvalidOperationException: You are trying to read Input using the UnityEngine.Input class, but you have switched active Input handling to Input System package in Player Settings.
UnityEngine.Input.get_mousePosition () (at <821db944395a4707baf43b2d273f0b00>:0)
UnityEngine.EventSystems.BaseInput.get_mousePosition () (at ./Library/PackageCache/com.unity.ugui@8ccc29d23a79/Runtime/UGUI/EventSystem/InputModules/BaseInput.cs:75)
UnityEngine.EventSystems.StandaloneInputModule.UpdateModule () (at ./Library/PackageCache/com.unity.ugui@8ccc29d23a79/Runtime/UGUI/EventSystem/InputModules/StandaloneInputModule.cs:175)
UnityEngine.EventSystems.EventSystem.TickModules () (at ./Library/PackageCache/com.unity.ugui@8ccc29d23a79/Runtime/UGUI/EventSystem/EventSystem.cs:460)
UnityEngine.EventSystems.EventSystem.Update () (at ./Library/PackageCache/com.unity.ugui@8ccc29d23a79/Runtime/UGUI/EventSystem/EventSystem.cs:480)

InvalidOperationException: You are trying to read Input using the UnityEngine.Input class, but you have switched active Input handling to Input System package in Player Settings.
UnityEngine.Input.get_mousePosition () (at <821db944395a4707baf43b2d273f0b00>:0)
UnityEngine.EventSystems.BaseInput.get_mousePosition () (at ./Library/PackageCache/com.unity.ugui@8ccc29d23a79/Runtime/UGUI/EventSystem/InputModules/BaseInput.cs:75)
UnityEngine.EventSystems.StandaloneInputModule.UpdateModule () (at ./Library/PackageCache/com.unity.ugui@8ccc29d23a79/Runtime/UGUI/EventSystem/InputModules/StandaloneInputModule.cs:175)
UnityEngine.EventSystems.EventSystem.TickModules () (at ./Library/PackageCache/com.unity.ugui@8ccc29d23a79/Runtime/UGUI/EventSystem/EventSystem.cs:460)
UnityEngine.EventSystems.EventSystem.Update () (at ./Library/PackageCache/com.unity.ugui@8ccc29d23a79/Runtime/UGUI/EventSystem/EventSystem.cs:480)

InvalidOperationException: You are trying to read Input using the UnityEngine.Input class, but you have switched active Input handling to Input System package in Player Settings.
UnityEngine.Input.get_mousePosition () (at <821db944395a4707baf43b2d273f0b00>:0)
UnityEngine.EventSystems.BaseInput.get_mousePosition () (at ./Library/PackageCache/com.unity.ugui@8ccc29d23a79/Runtime/UGUI/EventSystem/InputModules/BaseInput.cs:75)
UnityEngine.EventSystems.StandaloneInputModule.UpdateModule () (at ./Library/PackageCache/com.unity.ugui@8ccc29d23a79/Runtime/UGUI/EventSystem/InputModules/StandaloneInputModule.cs:175)
UnityEngine.EventSystems.EventSystem.TickModules () (at ./Library/PackageCache/com.unity.ugui@8ccc29d23a79/Runtime/UGUI/EventSystem/EventSystem.cs:460)
UnityEngine.EventSystems.EventSystem.Update () (at ./Library/PackageCache/com.unity.ugui@8ccc29d23a79/Runtime/UGUI/EventSystem/EventSystem.cs:480)

InvalidOperationException: You are trying to read Input using the UnityEngine.Input class, but you have switched active Input handling to Input System package in Player Settings.
UnityEngine.Input.get_mousePosition () (at <821db944395a4707baf43b2d273f0b00>:0)
UnityEngine.EventSystems.BaseInput.get_mousePosition () (at ./Library/PackageCache/com.unity.ugui@8ccc29d23a79/Runtime/UGUI/EventSystem/InputModules/BaseInput.cs:75)
UnityEngine.EventSystems.StandaloneInputModule.UpdateModule () (at ./Library/PackageCache/com.unity.ugui@8ccc29d23a79/Runtime/UGUI/EventSystem/InputModules/StandaloneInputModule.cs:175)
UnityEngine.EventSystems.EventSystem.TickModules () (at ./Library/PackageCache/com.unity.ugui@8ccc29d23a79/Runtime/UGUI/EventSystem/EventSystem.cs:460)
UnityEngine.EventSystems.EventSystem.Update () (at ./Library/PackageCache/com.unity.ugui@8ccc29d23a79/Runtime/UGUI/EventSystem/EventSystem.cs:480)

InvalidOperationException: You are trying to read Input using the UnityEngine.Input class, but you have switched active Input handling to Input System package in Player Settings.
UnityEngine.Input.get_mousePosition () (at <821db944395a4707baf43b2d273f0b00>:0)
UnityEngine.EventSystems.BaseInput.get_mousePosition () (at ./Library/PackageCache/com.unity.ugui@8ccc29d23a79/Runtime/UGUI/EventSystem/InputModules/BaseInput.cs:75)
UnityEngine.EventSystems.StandaloneInputModule.UpdateModule () (at ./Library/PackageCache/com.unity.ugui@8ccc29d23a79/Runtime/UGUI/EventSystem/InputModules/StandaloneInputModule.cs:175)
UnityEngine.EventSystems.EventSystem.TickModules () (at ./Library/PackageCache/com.unity.ugui@8ccc29d23a79/Runtime/UGUI/EventSystem/EventSystem.cs:460)
UnityEngine.EventSystems.EventSystem.Update () (at ./Library/PackageCache/com.unity.ugui@8ccc29d23a79/Runtime/UGUI/EventSystem/EventSystem.cs:480)

InvalidOperationException: You are trying to read Input using the UnityEngine.Input class, but you have switched active Input handling to Input System package in Player Settings.
UnityEngine.Input.get_mousePosition () (at <821db944395a4707baf43b2d273f0b00>:0)
UnityEngine.EventSystems.BaseInput.get_mousePosition () (at ./Library/PackageCache/com.unity.ugui@8ccc29d23a79/Runtime/UGUI/EventSystem/InputModules/BaseInput.cs:75)
UnityEngine.EventSystems.StandaloneInputModule.UpdateModule () (at ./Library/PackageCache/com.unity.ugui@8ccc29d23a79/Runtime/UGUI/EventSystem/InputModules/StandaloneInputModule.cs:175)
UnityEngine.EventSystems.EventSystem.TickModules () (at ./Library/PackageCache/com.unity.ugui@8ccc29d23a79/Runtime/UGUI/EventSystem/EventSystem.cs:460)
UnityEngine.EventSystems.EventSystem.Update () (at ./Library/PackageCache/com.unity.ugui@8ccc29d23a79/Runtime/UGUI/EventSystem/EventSystem.cs:480)

InvalidOperationException: You are trying to read Input using the UnityEngine.Input class, but you have switched active Input handling to Input System package in Player Settings.
UnityEngine.Input.get_mousePosition () (at <821db944395a4707baf43b2d273f0b00>:0)
UnityEngine.EventSystems.BaseInput.get_mousePosition () (at ./Library/PackageCache/com.unity.ugui@8ccc29d23a79/Runtime/UGUI/EventSystem/InputModules/BaseInput.cs:75)
UnityEngine.EventSystems.StandaloneInputModule.UpdateModule () (at ./Library/PackageCache/com.unity.ugui@8ccc29d23a79/Runtime/UGUI/EventSystem/InputModules/StandaloneInputModule.cs:175)
UnityEngine.EventSystems.EventSystem.TickModules () (at ./Library/PackageCache/com.unity.ugui@8ccc29d23a79/Runtime/UGUI/EventSystem/EventSystem.cs:460)
UnityEngine.EventSystems.EventSystem.Update () (at ./Library/PackageCache/com.unity.ugui@8ccc29d23a79/Runtime/UGUI/EventSystem/EventSystem.cs:480)

InvalidOperationException: You are trying to read Input using the UnityEngine.Input class, but you have switched active Input handling to Input System package in Player Settings.
UnityEngine.Input.get_mousePosition () (at <821db944395a4707baf43b2d273f0b00>:0)
UnityEngine.EventSystems.BaseInput.get_mousePosition () (at ./Library/PackageCache/com.unity.ugui@8ccc29d23a79/Runtime/UGUI/EventSystem/InputModules/BaseInput.cs:75)
UnityEngine.EventSystems.StandaloneInputModule.UpdateModule () (at ./Library/PackageCache/com.unity.ugui@8ccc29d23a79/Runtime/UGUI/EventSystem/InputModules/StandaloneInputModule.cs:175)
UnityEngine.EventSystems.EventSystem.TickModules () (at ./Library/PackageCache/com.unity.ugui@8ccc29d23a79/Runtime/UGUI/EventSystem/EventSystem.cs:460)
UnityEngine.EventSystems.EventSystem.Update () (at ./Library/PackageCache/com.unity.ugui@8ccc29d23a79/Runtime/UGUI/EventSystem/EventSystem.cs:480)

InvalidOperationException: You are trying to read Input using the UnityEngine.Input class, but you have switched active Input handling to Input System package in Player Settings.
UnityEngine.Input.get_mousePosition () (at <821db944395a4707baf43b2d273f0b00>:0)
UnityEngine.EventSystems.BaseInput.get_mousePosition () (at ./Library/PackageCache/com.unity.ugui@8ccc29d23a79/Runtime/UGUI/EventSystem/InputModules/BaseInput.cs:75)
UnityEngine.EventSystems.StandaloneInputModule.UpdateModule () (at ./Library/PackageCache/com.unity.ugui@8ccc29d23a79/Runtime/UGUI/EventSystem/InputModules/StandaloneInputModule.cs:175)
UnityEngine.EventSystems.EventSystem.TickModules () (at ./Library/PackageCache/com.unity.ugui@8ccc29d23a79/Runtime/UGUI/EventSystem/EventSystem.cs:460)
UnityEngine.EventSystems.EventSystem.Update () (at ./Library/PackageCache/com.unity.ugui@8ccc29d23a79/Runtime/UGUI/EventSystem/EventSystem.cs:480)

InvalidOperationException: You are trying to read Input using the UnityEngine.Input class, but you have switched active Input handling to Input System package in Player Settings.
UnityEngine.Input.get_mousePosition () (at <821db944395a4707baf43b2d273f0b00>:0)
UnityEngine.EventSystems.BaseInput.get_mousePosition () (at ./Library/PackageCache/com.unity.ugui@8ccc29d23a79/Runtime/UGUI/EventSystem/InputModules/BaseInput.cs:75)
UnityEngine.EventSystems.StandaloneInputModule.UpdateModule () (at ./Library/PackageCache/com.unity.ugui@8ccc29d23a79/Runtime/UGUI/EventSystem/InputModules/StandaloneInputModule.cs:175)
UnityEngine.EventSystems.EventSystem.TickModules () (at ./Library/PackageCache/com.unity.ugui@8ccc29d23a79/Runtime/UGUI/EventSystem/EventSystem.cs:460)
UnityEngine.EventSystems.EventSystem.Update () (at ./Library/PackageCache/com.unity.ugui@8ccc29d23a79/Runtime/UGUI/EventSystem/EventSystem.cs:480)

InvalidOperationException: You are trying to read Input using the UnityEngine.Input class, but you have switched active Input handling to Input System package in Player Settings.
UnityEngine.Input.get_mousePosition () (at <821db944395a4707baf43b2d273f0b00>:0)
UnityEngine.EventSystems.BaseInput.get_mousePosition () (at ./Library/PackageCache/com.unity.ugui@8ccc29d23a79/Runtime/UGUI/EventSystem/InputModules/BaseInput.cs:75)
UnityEngine.EventSystems.StandaloneInputModule.UpdateModule () (at ./Library/PackageCache/com.unity.ugui@8ccc29d23a79/Runtime/UGUI/EventSystem/InputModules/StandaloneInputModule.cs:175)
UnityEngine.EventSystems.EventSystem.TickModules () (at ./Library/PackageCache/com.unity.ugui@8ccc29d23a79/Runtime/UGUI/EventSystem/EventSystem.cs:460)
UnityEngine.EventSystems.EventSystem.Update () (at ./Library/PackageCache/com.unity.ugui@8ccc29d23a79/Runtime/UGUI/EventSystem/EventSystem.cs:480)

InvalidOperationException: You are trying to read Input using the UnityEngine.Input class, but you have switched active Input handling to Input System package in Player Settings.
UnityEngine.Input.get_mousePosition () (at <821db944395a4707baf43b2d273f0b00>:0)
UnityEngine.EventSystems.BaseInput.get_mousePosition () (at ./Library/PackageCache/com.unity.ugui@8ccc29d23a79/Runtime/UGUI/EventSystem/InputModules/BaseInput.cs:75)
UnityEngine.EventSystems.StandaloneInputModule.UpdateModule () (at ./Library/PackageCache/com.unity.ugui@8ccc29d23a79/Runtime/UGUI/EventSystem/InputModules/StandaloneInputModule.cs:175)
UnityEngine.EventSystems.EventSystem.TickModules () (at ./Library/PackageCache/com.unity.ugui@8ccc29d23a79/Runtime/UGUI/EventSystem/EventSystem.cs:460)
UnityEngine.EventSystems.EventSystem.Update () (at ./Library/PackageCache/com.unity.ugui@8ccc29d23a79/Runtime/UGUI/EventSystem/EventSystem.cs:480)

InvalidOperationException: You are trying to read Input using the UnityEngine.Input class, but you have switched active Input handling to Input System package in Player Settings.
UnityEngine.Input.get_mousePosition () (at <821db944395a4707baf43b2d273f0b00>:0)
UnityEngine.EventSystems.BaseInput.get_mousePosition () (at ./Library/PackageCache/com.unity.ugui@8ccc29d23a79/Runtime/UGUI/EventSystem/InputModules/BaseInput.cs:75)
UnityEngine.EventSystems.StandaloneInputModule.UpdateModule () (at ./Library/PackageCache/com.unity.ugui@8ccc29d23a79/Runtime/UGUI/EventSystem/InputModules/StandaloneInputModule.cs:175)
UnityEngine.EventSystems.EventSystem.TickModules () (at ./Library/PackageCache/com.unity.ugui@8ccc29d23a79/Runtime/UGUI/EventSystem/EventSystem.cs:460)
UnityEngine.EventSystems.EventSystem.Update () (at ./Library/PackageCache/com.unity.ugui@8ccc29d23a79/Runtime/UGUI/EventSystem/EventSystem.cs:480)

InvalidOperationException: You are trying to read Input using the UnityEngine.Input class, but you have switched active Input handling to Input System package in Player Settings.
UnityEngine.Input.get_mousePosition () (at <821db944395a4707baf43b2d273f0b00>:0)
UnityEngine.EventSystems.BaseInput.get_mousePosition () (at ./Library/PackageCache/com.unity.ugui@8ccc29d23a79/Runtime/UGUI/EventSystem/InputModules/BaseInput.cs:75)
UnityEngine.EventSystems.StandaloneInputModule.UpdateModule () (at ./Library/PackageCache/com.unity.ugui@8ccc29d23a79/Runtime/UGUI/EventSystem/InputModules/StandaloneInputModule.cs:175)
UnityEngine.EventSystems.EventSystem.TickModules () (at ./Library/PackageCache/com.unity.ugui@8ccc29d23a79/Runtime/UGUI/EventSystem/EventSystem.cs:460)
UnityEngine.EventSystems.EventSystem.Update () (at ./Library/PackageCache/com.unity.ugui@8ccc29d23a79/Runtime/UGUI/EventSystem/EventSystem.cs:480)

InvalidOperationException: You are trying to read Input using the UnityEngine.Input class, but you have switched active Input handling to Input System package in Player Settings.
UnityEngine.Input.get_mousePosition () (at <821db944395a4707baf43b2d273f0b00>:0)
UnityEngine.EventSystems.BaseInput.get_mousePosition () (at ./Library/PackageCache/com.unity.ugui@8ccc29d23a79/Runtime/UGUI/EventSystem/InputModules/BaseInput.cs:75)
UnityEngine.EventSystems.StandaloneInputModule.UpdateModule () (at ./Library/PackageCache/com.unity.ugui@8ccc29d23a79/Runtime/UGUI/EventSystem/InputModules/StandaloneInputModule.cs:175)
UnityEngine.EventSystems.EventSystem.TickModules () (at ./Library/PackageCache/com.unity.ugui@8ccc29d23a79/Runtime/UGUI/EventSystem/EventSystem.cs:460)
UnityEngine.EventSystems.EventSystem.Update () (at ./Library/PackageCache/com.unity.ugui@8ccc29d23a79/Runtime/UGUI/EventSystem/EventSystem.cs:480)

InvalidOperationException: You are trying to read Input using the UnityEngine.Input class, but you have switched active Input handling to Input System package in Player Settings.
UnityEngine.Input.get_mousePosition () (at <821db944395a4707baf43b2d273f0b00>:0)
UnityEngine.EventSystems.BaseInput.get_mousePosition () (at ./Library/PackageCache/com.unity.ugui@8ccc29d23a79/Runtime/UGUI/EventSystem/InputModules/BaseInput.cs:75)
UnityEngine.EventSystems.StandaloneInputModule.UpdateModule () (at ./Library/PackageCache/com.unity.ugui@8ccc29d23a79/Runtime/UGUI/EventSystem/InputModules/StandaloneInputModule.cs:175)
UnityEngine.EventSystems.EventSystem.TickModules () (at ./Library/PackageCache/com.unity.ugui@8ccc29d23a79/Runtime/UGUI/EventSystem/EventSystem.cs:460)
UnityEngine.EventSystems.EventSystem.Update () (at ./Library/PackageCache/com.unity.ugui@8ccc29d23a79/Runtime/UGUI/EventSystem/EventSystem.cs:480)

InvalidOperationException: You are trying to read Input using the UnityEngine.Input class, but you have switched active Input handling to Input System package in Player Settings.
UnityEngine.Input.get_mousePosition () (at <821db944395a4707baf43b2d273f0b00>:0)
UnityEngine.EventSystems.BaseInput.get_mousePosition () (at ./Library/PackageCache/com.unity.ugui@8ccc29d23a79/Runtime/UGUI/EventSystem/InputModules/BaseInput.cs:75)
UnityEngine.EventSystems.StandaloneInputModule.UpdateModule () (at ./Library/PackageCache/com.unity.ugui@8ccc29d23a79/Runtime/UGUI/EventSystem/InputModules/StandaloneInputModule.cs:175)
UnityEngine.EventSystems.EventSystem.TickModules () (at ./Library/PackageCache/com.unity.ugui@8ccc29d23a79/Runtime/UGUI/EventSystem/EventSystem.cs:460)
UnityEngine.EventSystems.EventSystem.Update () (at ./Library/PackageCache/com.unity.ugui@8ccc29d23a79/Runtime/UGUI/EventSystem/EventSystem.cs:480)

InvalidOperationException: You are trying to read Input using the UnityEngine.Input class, but you have switched active Input handling to Input System package in Player Settings.
UnityEngine.Input.get_mousePosition () (at <821db944395a4707baf43b2d273f0b00>:0)
UnityEngine.EventSystems.BaseInput.get_mousePosition () (at ./Library/PackageCache/com.unity.ugui@8ccc29d23a79/Runtime/UGUI/EventSystem/InputModules/BaseInput.cs:75)
UnityEngine.EventSystems.StandaloneInputModule.UpdateModule () (at ./Library/PackageCache/com.unity.ugui@8ccc29d23a79/Runtime/UGUI/EventSystem/InputModules/StandaloneInputModule.cs:175)
UnityEngine.EventSystems.EventSystem.TickModules () (at ./Library/PackageCache/com.unity.ugui@8ccc29d23a79/Runtime/UGUI/EventSystem/EventSystem.cs:460)
UnityEngine.EventSystems.EventSystem.Update () (at ./Library/PackageCache/com.unity.ugui@8ccc29d23a79/Runtime/UGUI/EventSystem/EventSystem.cs:480)

InvalidOperationException: You are trying to read Input using the UnityEngine.Input class, but you have switched active Input handling to Input System package in Player Settings.
UnityEngine.Input.get_mousePosition () (at <821db944395a4707baf43b2d273f0b00>:0)
UnityEngine.EventSystems.BaseInput.get_mousePosition () (at ./Library/PackageCache/com.unity.ugui@8ccc29d23a79/Runtime/UGUI/EventSystem/InputModules/BaseInput.cs:75)
UnityEngine.EventSystems.StandaloneInputModule.UpdateModule () (at ./Library/PackageCache/com.unity.ugui@8ccc29d23a79/Runtime/UGUI/EventSystem/InputModules/StandaloneInputModule.cs:175)
UnityEngine.EventSystems.EventSystem.TickModules () (at ./Library/PackageCache/com.unity.ugui@8ccc29d23a79/Runtime/UGUI/EventSystem/EventSystem.cs:460)
UnityEngine.EventSystems.EventSystem.Update () (at ./Library/PackageCache/com.unity.ugui@8ccc29d23a79/Runtime/UGUI/EventSystem/EventSystem.cs:480)

InvalidOperationException: You are trying to read Input using the UnityEngine.Input class, but you have switched active Input handling to Input System package in Player Settings.
UnityEngine.Input.get_mousePosition () (at <821db944395a4707baf43b2d273f0b00>:0)
UnityEngine.EventSystems.BaseInput.get_mousePosition () (at ./Library/PackageCache/com.unity.ugui@8ccc29d23a79/Runtime/UGUI/EventSystem/InputModules/BaseInput.cs:75)
UnityEngine.EventSystems.StandaloneInputModule.UpdateModule () (at ./Library/PackageCache/com.unity.ugui@8ccc29d23a79/Runtime/UGUI/EventSystem/InputModules/StandaloneInputModule.cs:175)
UnityEngine.EventSystems.EventSystem.TickModules () (at ./Library/PackageCache/com.unity.ugui@8ccc29d23a79/Runtime/UGUI/EventSystem/EventSystem.cs:460)
UnityEngine.EventSystems.EventSystem.Update () (at ./Library/PackageCache/com.unity.ugui@8ccc29d23a79/Runtime/UGUI/EventSystem/EventSystem.cs:480)

[ScenarioManager] Starting scenario: コンビニで買い物 (scenario.konbini.buy_onigiri)
[ScoringManager] Score tracking reset.
[ScenarioManager] Scenario startNodeId is empty!
InvalidOperationException: You are trying to read Input using the UnityEngine.Input class, but you have switched active Input handling to Input System package in Player Settings.
UnityEngine.Input.get_mousePosition () (at <821db944395a4707baf43b2d273f0b00>:0)
UnityEngine.EventSystems.BaseInput.get_mousePosition () (at ./Library/PackageCache/com.unity.ugui@8ccc29d23a79/Runtime/UGUI/EventSystem/InputModules/BaseInput.cs:75)
UnityEngine.EventSystems.StandaloneInputModule.UpdateModule () (at ./Library/PackageCache/com.unity.ugui@8ccc29d23a79/Runtime/UGUI/EventSystem/InputModules/StandaloneInputModule.cs:175)
UnityEngine.EventSystems.EventSystem.TickModules () (at ./Library/PackageCache/com.unity.ugui@8ccc29d23a79/Runtime/UGUI/EventSystem/EventSystem.cs:460)
UnityEngine.EventSystems.EventSystem.Update () (at ./Library/PackageCache/com.unity.ugui@8ccc29d23a79/Runtime/UGUI/EventSystem/EventSystem.cs:480)

Saving results to: C:/Users/Admin/AppData/LocalLow/DefaultCompany/NihongoLife\TestResults.xml
]]></output>
            </test-case>
          </test-suite>
        </test-suite>
      </test-suite>
    </test-suite>
  </test-suite>
</test-run>